2025-08-19 23:13:03,366 - INFO - Found 831 valid links to process
2025-08-19 23:13:03,367 - INFO - ====== WebDriver manager ======
2025-08-19 23:13:03,368 - INFO - ====== WebDriver manager ======
2025-08-19 23:13:03,369 - INFO - ====== WebDriver manager ======
2025-08-19 23:13:03,369 - INFO - ====== WebDriver manager ======
2025-08-19 23:13:03,370 - INFO - ====== WebDriver manager ======
2025-08-19 23:13:03,371 - INFO - ====== WebDriver manager ======
2025-08-19 23:13:03,371 - INFO - ====== WebDriver manager ======
2025-08-19 23:13:03,373 - INFO - ====== WebDriver manager ======
2025-08-19 23:13:03,373 - INFO - ====== WebDriver manager ======
2025-08-19 23:13:03,375 - INFO - ====== WebDriver manager ======
2025-08-19 23:13:06,626 - INFO - Get LATEST chromedriver version for google-chrome
2025-08-19 23:13:06,667 - INFO - Get LATEST chromedriver version for google-chrome
2025-08-19 23:13:06,701 - INFO - Get LATEST chromedriver version for google-chrome
2025-08-19 23:13:06,715 - INFO - Get LATEST chromedriver version for google-chrome
2025-08-19 23:13:06,721 - INFO - Get LATEST chromedriver version for google-chrome
2025-08-19 23:13:06,746 - INFO - Get LATEST chromedriver version for google-chrome
2025-08-19 23:13:06,747 - INFO - Get LATEST chromedriver version for google-chrome
2025-08-19 23:13:06,767 - INFO - Get LATEST chromedriver version for google-chrome
2025-08-19 23:13:06,827 - INFO - Get LATEST chromedriver version for google-chrome
2025-08-19 23:13:06,851 - INFO - Get LATEST chromedriver version for google-chrome
2025-08-19 23:13:06,856 - INFO - Get LATEST chromedriver version for google-chrome
2025-08-19 23:13:06,888 - INFO - Get LATEST chromedriver version for google-chrome
2025-08-19 23:13:06,888 - INFO - Get LATEST chromedriver version for google-chrome
2025-08-19 23:13:06,889 - INFO - Get LATEST chromedriver version for google-chrome
2025-08-19 23:13:06,907 - INFO - Get LATEST chromedriver version for google-chrome
2025-08-19 23:13:06,916 - INFO - Get LATEST chromedriver version for google-chrome
2025-08-19 23:13:06,927 - INFO - Get LATEST chromedriver version for google-chrome
2025-08-19 23:13:06,937 - INFO - Get LATEST chromedriver version for google-chrome
2025-08-19 23:13:07,003 - INFO - Driver [C:\Users\91902\.wdm\drivers\chromedriver\win64\139.0.7258.68\chromedriver-win32/chromedriver.exe] found in cache
2025-08-19 23:13:07,031 - INFO - Driver [C:\Users\91902\.wdm\drivers\chromedriver\win64\139.0.7258.68\chromedriver-win32/chromedriver.exe] found in cache
2025-08-19 23:13:07,036 - INFO - Get LATEST chromedriver version for google-chrome
2025-08-19 23:13:07,092 - INFO - Driver [C:\Users\91902\.wdm\drivers\chromedriver\win64\139.0.7258.68\chromedriver-win32/chromedriver.exe] found in cache
2025-08-19 23:13:07,099 - INFO - Driver [C:\Users\91902\.wdm\drivers\chromedriver\win64\139.0.7258.68\chromedriver-win32/chromedriver.exe] found in cache
2025-08-19 23:13:07,099 - INFO - Get LATEST chromedriver version for google-chrome
2025-08-19 23:13:07,100 - INFO - Driver [C:\Users\91902\.wdm\drivers\chromedriver\win64\139.0.7258.68\chromedriver-win32/chromedriver.exe] found in cache
2025-08-19 23:13:07,109 - INFO - Driver [C:\Users\91902\.wdm\drivers\chromedriver\win64\139.0.7258.68\chromedriver-win32/chromedriver.exe] found in cache
2025-08-19 23:13:07,116 - INFO - Driver [C:\Users\91902\.wdm\drivers\chromedriver\win64\139.0.7258.68\chromedriver-win32/chromedriver.exe] found in cache
2025-08-19 23:13:07,120 - INFO - Driver [C:\Users\91902\.wdm\drivers\chromedriver\win64\139.0.7258.68\chromedriver-win32/chromedriver.exe] found in cache
2025-08-19 23:13:07,210 - INFO - Driver [C:\Users\91902\.wdm\drivers\chromedriver\win64\139.0.7258.68\chromedriver-win32/chromedriver.exe] found in cache
2025-08-19 23:13:07,287 - INFO - Driver [C:\Users\91902\.wdm\drivers\chromedriver\win64\139.0.7258.68\chromedriver-win32/chromedriver.exe] found in cache
2025-08-19 23:13:09,485 - INFO - Processing URL: https://moneyview.whizdm.com/payment/init?l=ff8080818fd76bc2018fd94aa83431dc&paymentIntent=dues&source=web&originSource=agency
2025-08-19 23:13:09,622 - INFO - Processing URL: https://moneyview.whizdm.com/payment/init?l=ff80808191c015660191c33e179b5fd0&paymentIntent=dues&source=web&originSource=agency
2025-08-19 23:13:09,643 - INFO - Processing URL: https://moneyview.whizdm.com/payment/init?l=ff8080818fed91e7018fef1521e249e4&paymentIntent=dues&source=web&originSource=agency
2025-08-19 23:13:09,989 - INFO - Processing URL: https://moneyview.whizdm.com/payment/init?l=ff808081901f526f019021881aeb5bce&paymentIntent=dues&source=web&originSource=agency
2025-08-19 23:13:10,306 - INFO - Processing URL: https://moneyview.whizdm.com/payment/init?l=ff8080818f70466e018f70aeaf0a15da&paymentIntent=dues&source=web&originSource=agency
2025-08-19 23:13:10,308 - INFO - Processing URL: https://moneyview.whizdm.com/payment/init?l=ff8080819208c605019209b12d49609c&paymentIntent=dues&source=web&originSource=agency
2025-08-19 23:13:10,703 - INFO - Processing URL: https://moneyview.whizdm.com/payment/init?l=ff8080818f7511d9018f75596f707a18&paymentIntent=dues&source=web&originSource=agency
2025-08-19 23:13:10,719 - INFO - Processing URL: https://moneyview.whizdm.com/payment/init?l=ff808081925184b40192550850906f73&paymentIntent=dues&source=web&originSource=agency
2025-08-19 23:13:10,749 - INFO - Processing URL: https://moneyview.whizdm.com/payment/init?l=ff8080819192dec30191934a16db7c64&paymentIntent=dues&source=web&originSource=agency
2025-08-19 23:13:10,864 - INFO - Processing URL: https://moneyview.whizdm.com/payment/init?l=2c9fa040823a7e0b01823e49579f7af4&paymentIntent=dues&source=web&originSource=agency
2025-08-19 23:13:12,781 - INFO - Found due amount via CSS: 11090
2025-08-19 23:13:13,040 - INFO - Found due amount via CSS: 5406
2025-08-19 23:13:14,555 - INFO - Found due amount via CSS: 8051
2025-08-19 23:13:14,834 - INFO - Found due amount via CSS: 22342
2025-08-19 23:13:15,039 - INFO - Found due amount via CSS: 35477
2025-08-19 23:13:15,300 - INFO - Found due amount via CSS: 21643
2025-08-19 23:13:15,740 - INFO - Found due amount via CSS: 19401
2025-08-19 23:13:16,051 - INFO - Found due amount via CSS: 26679
2025-08-19 23:13:16,199 - INFO - Found due amount via CSS: 5410
2025-08-19 23:13:16,555 - INFO - Found due amount via CSS: 8105
2025-08-19 23:13:19,331 - INFO - ====== WebDriver manager ======
2025-08-19 23:13:19,331 - INFO - Processed 1/831: https://moneyview.whizdm.com/payment/init?l=ff80808191c015660191c33e179b5fd0&paymentIntent=dues&source=web&originSource=agency
2025-08-19 23:13:19,582 - INFO - ====== WebDriver manager ======
2025-08-19 23:13:19,583 - INFO - Processed 2/831: https://moneyview.whizdm.com/payment/init?l=ff8080818fd76bc2018fd94aa83431dc&paymentIntent=dues&source=web&originSource=agency
2025-08-19 23:13:20,844 - INFO - Get LATEST chromedriver version for google-chrome
2025-08-19 23:13:21,004 - INFO - Get LATEST chromedriver version for google-chrome
2025-08-19 23:13:21,088 - INFO - Get LATEST chromedriver version for google-chrome
2025-08-19 23:13:21,162 - INFO - Driver [C:\Users\91902\.wdm\drivers\chromedriver\win64\139.0.7258.68\chromedriver-win32/chromedriver.exe] found in cache
2025-08-19 23:13:21,256 - INFO - Get LATEST chromedriver version for google-chrome
2025-08-19 23:13:21,402 - INFO - Driver [C:\Users\91902\.wdm\drivers\chromedriver\win64\139.0.7258.68\chromedriver-win32/chromedriver.exe] found in cache
2025-08-19 23:13:22,421 - INFO - Processing URL: https://moneyview.whizdm.com/payment/init?l=ff8080818db0a2b9018db1f95137086f&paymentIntent=dues&source=web&originSource=agency
2025-08-19 23:13:22,632 - INFO - Processing URL: https://moneyview.whizdm.com/payment/init?l=ff8080818f0e66f8018f0ea72a813c2f&paymentIntent=dues&source=web&originSource=agency
2025-08-19 23:13:22,659 - INFO - ====== WebDriver manager ======
2025-08-19 23:13:22,659 - INFO - Processed 3/831: https://moneyview.whizdm.com/payment/init?l=ff808081925184b40192550850906f73&paymentIntent=dues&source=web&originSource=agency
2025-08-19 23:13:22,705 - INFO - ====== WebDriver manager ======
2025-08-19 23:13:22,705 - INFO - ====== WebDriver manager ======
2025-08-19 23:13:22,705 - INFO - Processed 4/831: https://moneyview.whizdm.com/payment/init?l=ff8080818fed91e7018fef1521e249e4&paymentIntent=dues&source=web&originSource=agency
2025-08-19 23:13:22,707 - INFO - Processed 5/831: https://moneyview.whizdm.com/payment/init?l=ff8080818f7511d9018f75596f707a18&paymentIntent=dues&source=web&originSource=agency
2025-08-19 23:13:22,752 - INFO - ====== WebDriver manager ======
2025-08-19 23:13:22,752 - INFO - Processed 6/831: https://moneyview.whizdm.com/payment/init?l=ff808081901f526f019021881aeb5bce&paymentIntent=dues&source=web&originSource=agency
2025-08-19 23:13:22,799 - INFO - ====== WebDriver manager ======
2025-08-19 23:13:22,799 - INFO - Processed 7/831: https://moneyview.whizdm.com/payment/init?l=ff8080819192dec30191934a16db7c64&paymentIntent=dues&source=web&originSource=agency
2025-08-19 23:13:22,877 - INFO - ====== WebDriver manager ======
2025-08-19 23:13:22,877 - INFO - Processed 8/831: https://moneyview.whizdm.com/payment/init?l=2c9fa040823a7e0b01823e49579f7af4&paymentIntent=dues&source=web&originSource=agency
2025-08-19 23:13:22,910 - INFO - ====== WebDriver manager ======
2025-08-19 23:13:22,911 - INFO - Processed 9/831: https://moneyview.whizdm.com/payment/init?l=ff8080818f70466e018f70aeaf0a15da&paymentIntent=dues&source=web&originSource=agency
2025-08-19 23:13:23,265 - INFO - ====== WebDriver manager ======
2025-08-19 23:13:23,266 - INFO - Processed 10/831: https://moneyview.whizdm.com/payment/init?l=ff8080819208c605019209b12d49609c&paymentIntent=dues&source=web&originSource=agency
2025-08-19 23:13:24,388 - INFO - Found due amount via CSS: 11762
2025-08-19 23:13:24,957 - INFO - Found due amount via CSS: 13324
2025-08-19 23:13:26,107 - INFO - Get LATEST chromedriver version for google-chrome
2025-08-19 23:13:26,124 - INFO - Get LATEST chromedriver version for google-chrome
2025-08-19 23:13:26,124 - INFO - Get LATEST chromedriver version for google-chrome
2025-08-19 23:13:26,159 - INFO - Get LATEST chromedriver version for google-chrome
2025-08-19 23:13:26,220 - INFO - Get LATEST chromedriver version for google-chrome
2025-08-19 23:13:26,242 - INFO - Get LATEST chromedriver version for google-chrome
2025-08-19 23:13:26,242 - INFO - Get LATEST chromedriver version for google-chrome
2025-08-19 23:13:26,289 - INFO - Get LATEST chromedriver version for google-chrome
2025-08-19 23:13:26,317 - INFO - Get LATEST chromedriver version for google-chrome
2025-08-19 23:13:26,318 - INFO - Get LATEST chromedriver version for google-chrome
2025-08-19 23:13:26,344 - INFO - Get LATEST chromedriver version for google-chrome
2025-08-19 23:13:26,387 - INFO - Get LATEST chromedriver version for google-chrome
2025-08-19 23:13:26,435 - INFO - Get LATEST chromedriver version for google-chrome
2025-08-19 23:13:26,442 - INFO - Get LATEST chromedriver version for google-chrome
2025-08-19 23:13:26,459 - INFO - Driver [C:\Users\91902\.wdm\drivers\chromedriver\win64\139.0.7258.68\chromedriver-win32/chromedriver.exe] found in cache
2025-08-19 23:13:26,501 - INFO - Driver [C:\Users\91902\.wdm\drivers\chromedriver\win64\139.0.7258.68\chromedriver-win32/chromedriver.exe] found in cache
2025-08-19 23:13:26,510 - INFO - Driver [C:\Users\91902\.wdm\drivers\chromedriver\win64\139.0.7258.68\chromedriver-win32/chromedriver.exe] found in cache
2025-08-19 23:13:26,525 - INFO - Driver [C:\Users\91902\.wdm\drivers\chromedriver\win64\139.0.7258.68\chromedriver-win32/chromedriver.exe] found in cache
2025-08-19 23:13:26,566 - INFO - Driver [C:\Users\91902\.wdm\drivers\chromedriver\win64\139.0.7258.68\chromedriver-win32/chromedriver.exe] found in cache
2025-08-19 23:13:26,595 - INFO - Get LATEST chromedriver version for google-chrome
2025-08-19 23:13:26,623 - INFO - Driver [C:\Users\91902\.wdm\drivers\chromedriver\win64\139.0.7258.68\chromedriver-win32/chromedriver.exe] found in cache
2025-08-19 23:13:26,623 - INFO - Driver [C:\Users\91902\.wdm\drivers\chromedriver\win64\139.0.7258.68\chromedriver-win32/chromedriver.exe] found in cache
2025-08-19 23:13:26,763 - INFO - Get LATEST chromedriver version for google-chrome
2025-08-19 23:13:26,935 - INFO - Driver [C:\Users\91902\.wdm\drivers\chromedriver\win64\139.0.7258.68\chromedriver-win32/chromedriver.exe] found in cache
2025-08-19 23:13:28,123 - INFO - Processing URL: https://moneyview.whizdm.com/payment/init?l=ff80808191631e900191662a7a2a3d3a&paymentIntent=dues&source=web&originSource=agency
2025-08-19 23:13:28,820 - INFO - Processing URL: https://moneyview.whizdm.com/payment/init?l=ff80808191a159370191a1ea193c1f38&paymentIntent=dues&source=web&originSource=agency
2025-08-19 23:13:28,977 - INFO - Processing URL: https://moneyview.whizdm.com/payment/init?l=ff8080818d102216018d11053ea90199&paymentIntent=dues&source=web&originSource=agency
2025-08-19 23:13:29,369 - INFO - Processing URL: https://moneyview.whizdm.com/payment/init?l=ff80808191c04cc40191c1ada1585137&paymentIntent=dues&source=web&originSource=agency
2025-08-19 23:13:29,429 - INFO - Processing URL: https://moneyview.whizdm.com/payment/init?l=ff8080818d62eedd018d64bad38f4448&paymentIntent=dues&source=web&originSource=agency
2025-08-19 23:13:29,456 - INFO - Processing URL: https://moneyview.whizdm.com/payment/init?l=ff808081921d28b501921ecc69146d22&paymentIntent=dues&source=web&originSource=agency
2025-08-19 23:13:29,490 - INFO - Processing URL: https://moneyview.whizdm.com/payment/init?l=ff8080818f60cb1c018f617df02f3d7c&paymentIntent=dues&source=web&originSource=agency
2025-08-19 23:13:29,491 - INFO - Processing URL: https://moneyview.whizdm.com/payment/init?l=ff808081914f4a2d0191512f8fcf17cf&paymentIntent=dues&source=web&originSource=agency
2025-08-19 23:13:31,184 - INFO - Found due amount via CSS: 12884
2025-08-19 23:13:31,450 - INFO - Found due amount via CSS: 11933
2025-08-19 23:13:31,804 - INFO - Found due amount via CSS: 5368
2025-08-19 23:13:32,536 - INFO - ====== WebDriver manager ======
2025-08-19 23:13:32,537 - INFO - Processed 11/831: https://moneyview.whizdm.com/payment/init?l=ff8080818db0a2b9018db1f95137086f&paymentIntent=dues&source=web&originSource=agency
2025-08-19 23:13:32,659 - INFO - ====== WebDriver manager ======
2025-08-19 23:13:32,660 - INFO - Processed 12/831: https://moneyview.whizdm.com/payment/init?l=ff8080818f0e66f8018f0ea72a813c2f&paymentIntent=dues&source=web&originSource=agency
2025-08-19 23:13:32,815 - INFO - Found due amount via CSS: 8889
2025-08-19 23:13:33,909 - INFO - Found due amount via CSS: 27845
2025-08-19 23:13:34,080 - INFO - Found due amount via CSS: 10425
2025-08-19 23:13:34,436 - INFO - Found due amount via CSS: 5854
2025-08-19 23:13:34,565 - INFO - Found due amount via CSS: 28545
2025-08-19 23:13:35,195 - INFO - Get LATEST chromedriver version for google-chrome
2025-08-19 23:13:35,285 - INFO - Get LATEST chromedriver version for google-chrome
2025-08-19 23:13:35,352 - INFO - Get LATEST chromedriver version for google-chrome
2025-08-19 23:13:35,432 - INFO - Get LATEST chromedriver version for google-chrome
2025-08-19 23:13:35,511 - INFO - Driver [C:\Users\91902\.wdm\drivers\chromedriver\win64\139.0.7258.68\chromedriver-win32/chromedriver.exe] found in cache
2025-08-19 23:13:35,594 - INFO - Driver [C:\Users\91902\.wdm\drivers\chromedriver\win64\139.0.7258.68\chromedriver-win32/chromedriver.exe] found in cache
2025-08-19 23:13:36,801 - INFO - Processing URL: https://moneyview.whizdm.com/payment/init?l=ff808081891ac6ee01891ace37b2136a&paymentIntent=dues&source=web&originSource=agency
2025-08-19 23:13:36,857 - INFO - Processing URL: https://moneyview.whizdm.com/payment/init?l=ff8080818f5b5cc9018f5b66a4c7307d&paymentIntent=dues&source=web&originSource=agency
2025-08-19 23:13:37,698 - INFO - ====== WebDriver manager ======
2025-08-19 23:13:37,698 - INFO - Processed 13/831: https://moneyview.whizdm.com/payment/init?l=ff80808191a159370191a1ea193c1f38&paymentIntent=dues&source=web&originSource=agency
2025-08-19 23:13:37,949 - INFO - ====== WebDriver manager ======
2025-08-19 23:13:37,949 - INFO - Processed 14/831: https://moneyview.whizdm.com/payment/init?l=ff80808191631e900191662a7a2a3d3a&paymentIntent=dues&source=web&originSource=agency
2025-08-19 23:13:38,297 - INFO - ====== WebDriver manager ======
2025-08-19 23:13:38,297 - INFO - Processed 15/831: https://moneyview.whizdm.com/payment/init?l=ff80808191c04cc40191c1ada1585137&paymentIntent=dues&source=web&originSource=agency
2025-08-19 23:13:38,765 - INFO - Found due amount via CSS: 10456
2025-08-19 23:13:38,767 - INFO - Found due amount via CSS: 13019
2025-08-19 23:13:39,473 - INFO - ====== WebDriver manager ======
2025-08-19 23:13:39,473 - INFO - Processed 16/831: https://moneyview.whizdm.com/payment/init?l=ff8080818f60cb1c018f617df02f3d7c&paymentIntent=dues&source=web&originSource=agency
2025-08-19 23:13:39,625 - INFO - Get LATEST chromedriver version for google-chrome
2025-08-19 23:13:39,798 - INFO - Get LATEST chromedriver version for google-chrome
2025-08-19 23:13:39,872 - INFO - Get LATEST chromedriver version for google-chrome
2025-08-19 23:13:39,957 - INFO - Driver [C:\Users\91902\.wdm\drivers\chromedriver\win64\139.0.7258.68\chromedriver-win32/chromedriver.exe] found in cache
2025-08-19 23:13:40,050 - INFO - Get LATEST chromedriver version for google-chrome
2025-08-19 23:13:40,222 - INFO - Driver [C:\Users\91902\.wdm\drivers\chromedriver\win64\139.0.7258.68\chromedriver-win32/chromedriver.exe] found in cache
2025-08-19 23:13:40,260 - INFO - Get LATEST chromedriver version for google-chrome
2025-08-19 23:13:40,422 - INFO - Get LATEST chromedriver version for google-chrome
2025-08-19 23:13:40,583 - INFO - Driver [C:\Users\91902\.wdm\drivers\chromedriver\win64\139.0.7258.68\chromedriver-win32/chromedriver.exe] found in cache
2025-08-19 23:13:40,945 - INFO - ====== WebDriver manager ======
2025-08-19 23:13:40,945 - INFO - ====== WebDriver manager ======
2025-08-19 23:13:40,945 - INFO - Processed 17/831: https://moneyview.whizdm.com/payment/init?l=ff8080818d102216018d11053ea90199&paymentIntent=dues&source=web&originSource=agency
2025-08-19 23:13:40,947 - INFO - Processed 18/831: https://moneyview.whizdm.com/payment/init?l=ff808081921d28b501921ecc69146d22&paymentIntent=dues&source=web&originSource=agency
2025-08-19 23:13:41,115 - INFO - ====== WebDriver manager ======
2025-08-19 23:13:41,115 - INFO - Processed 19/831: https://moneyview.whizdm.com/payment/init?l=ff808081914f4a2d0191512f8fcf17cf&paymentIntent=dues&source=web&originSource=agency
2025-08-19 23:13:41,179 - INFO - ====== WebDriver manager ======
2025-08-19 23:13:41,181 - INFO - Processed 20/831: https://moneyview.whizdm.com/payment/init?l=ff8080818d62eedd018d64bad38f4448&paymentIntent=dues&source=web&originSource=agency
2025-08-19 23:13:41,235 - INFO - Processing URL: https://moneyview.whizdm.com/payment/init?l=ff808081919f50ea0191a18106a0306c&paymentIntent=dues&source=web&originSource=agency
2025-08-19 23:13:41,503 - INFO - Get LATEST chromedriver version for google-chrome
2025-08-19 23:13:41,628 - INFO - Processing URL: https://moneyview.whizdm.com/payment/init?l=2c9fa04082af061b0182b3b44ce131c8&paymentIntent=dues&source=web&originSource=agency
2025-08-19 23:13:41,739 - INFO - Get LATEST chromedriver version for google-chrome
2025-08-19 23:13:41,931 - INFO - Driver [C:\Users\91902\.wdm\drivers\chromedriver\win64\139.0.7258.68\chromedriver-win32/chromedriver.exe] found in cache
2025-08-19 23:13:42,086 - INFO - Processing URL: https://moneyview.whizdm.com/payment/init?l=2c9f916d705e3002017060efe6a97230&paymentIntent=dues&source=web&originSource=agency
2025-08-19 23:13:43,399 - INFO - Found due amount via CSS: 13716
2025-08-19 23:13:43,694 - INFO - Processing URL: https://moneyview.whizdm.com/payment/init?l=ff8080819233ed800192342268bc5926&paymentIntent=dues&source=web&originSource=agency
2025-08-19 23:13:44,015 - INFO - Found due amount via CSS: 14862
2025-08-19 23:13:44,253 - INFO - Found due amount via CSS: 9635
2025-08-19 23:13:44,847 - INFO - Get LATEST chromedriver version for google-chrome
2025-08-19 23:13:44,859 - INFO - Get LATEST chromedriver version for google-chrome
2025-08-19 23:13:44,899 - INFO - Get LATEST chromedriver version for google-chrome
2025-08-19 23:13:44,988 - INFO - Get LATEST chromedriver version for google-chrome
2025-08-19 23:13:45,005 - INFO - Get LATEST chromedriver version for google-chrome
2025-08-19 23:13:45,012 - INFO - Get LATEST chromedriver version for google-chrome
2025-08-19 23:13:45,065 - INFO - Get LATEST chromedriver version for google-chrome
2025-08-19 23:13:45,129 - INFO - Get LATEST chromedriver version for google-chrome
2025-08-19 23:13:45,159 - INFO - Driver [C:\Users\91902\.wdm\drivers\chromedriver\win64\139.0.7258.68\chromedriver-win32/chromedriver.exe] found in cache
2025-08-19 23:13:45,175 - INFO - Driver [C:\Users\91902\.wdm\drivers\chromedriver\win64\139.0.7258.68\chromedriver-win32/chromedriver.exe] found in cache
2025-08-19 23:13:45,221 - INFO - Driver [C:\Users\91902\.wdm\drivers\chromedriver\win64\139.0.7258.68\chromedriver-win32/chromedriver.exe] found in cache
2025-08-19 23:13:45,298 - INFO - Driver [C:\Users\91902\.wdm\drivers\chromedriver\win64\139.0.7258.68\chromedriver-win32/chromedriver.exe] found in cache
2025-08-19 23:13:45,331 - INFO - ====== WebDriver manager ======
2025-08-19 23:13:45,331 - INFO - Processed 21/831: https://moneyview.whizdm.com/payment/init?l=ff8080818f5b5cc9018f5b66a4c7307d&paymentIntent=dues&source=web&originSource=agency
2025-08-19 23:13:45,393 - INFO - ====== WebDriver manager ======
2025-08-19 23:13:45,393 - INFO - Processed 22/831: https://moneyview.whizdm.com/payment/init?l=ff808081891ac6ee01891ace37b2136a&paymentIntent=dues&source=web&originSource=agency
2025-08-19 23:13:46,932 - INFO - Processing URL: https://moneyview.whizdm.com/payment/init?l=ff8080819122545a01912270572a4200&paymentIntent=dues&source=web&originSource=agency
2025-08-19 23:13:47,129 - INFO - Processing URL: https://moneyview.whizdm.com/payment/init?l=ff80808191f3bf500191f5d813da313d&paymentIntent=dues&source=web&originSource=agency
2025-08-19 23:13:47,148 - INFO - Processing URL: https://moneyview.whizdm.com/payment/init?l=ff80808190299eee01902a9032fb591b&paymentIntent=dues&source=web&originSource=agency
2025-08-19 23:13:47,356 - INFO - Found due amount via CSS: 26134
2025-08-19 23:13:47,357 - INFO - Processing URL: https://moneyview.whizdm.com/payment/init?l=ff8080819149965401914a997efc5c2c&paymentIntent=dues&source=web&originSource=agency
2025-08-19 23:13:48,372 - INFO - Get LATEST chromedriver version for google-chrome
2025-08-19 23:13:48,525 - INFO - Get LATEST chromedriver version for google-chrome
2025-08-19 23:13:48,638 - INFO - Get LATEST chromedriver version for google-chrome
2025-08-19 23:13:48,682 - INFO - Driver [C:\Users\91902\.wdm\drivers\chromedriver\win64\139.0.7258.68\chromedriver-win32/chromedriver.exe] found in cache
2025-08-19 23:13:48,804 - INFO - Get LATEST chromedriver version for google-chrome
2025-08-19 23:13:48,962 - INFO - Driver [C:\Users\91902\.wdm\drivers\chromedriver\win64\139.0.7258.68\chromedriver-win32/chromedriver.exe] found in cache
2025-08-19 23:13:49,297 - INFO - Found due amount via CSS: 19008
2025-08-19 23:13:49,450 - INFO - Found due amount via CSS: 5695
2025-08-19 23:13:50,480 - INFO - Processing URL: https://moneyview.whizdm.com/payment/init?l=2c9fa04082912a5001829c05e0d110dc&paymentIntent=dues&source=web&originSource=agency
2025-08-19 23:13:50,649 - INFO - Found due amount via CSS: 21344
2025-08-19 23:13:50,771 - INFO - Processing URL: https://moneyview.whizdm.com/payment/init?l=2c9f916d705cd6a901705e23825c573f&paymentIntent=dues&source=web&originSource=agency
2025-08-19 23:13:50,810 - INFO - Found due amount via CSS: 14418
2025-08-19 23:13:50,901 - INFO - ====== WebDriver manager ======
2025-08-19 23:13:50,903 - INFO - Processed 23/831: https://moneyview.whizdm.com/payment/init?l=2c9f916d705e3002017060efe6a97230&paymentIntent=dues&source=web&originSource=agency
2025-08-19 23:13:50,967 - INFO - ====== WebDriver manager ======
2025-08-19 23:13:50,967 - INFO - ====== WebDriver manager ======
2025-08-19 23:13:50,970 - INFO - Processed 24/831: https://moneyview.whizdm.com/payment/init?l=ff808081919f50ea0191a18106a0306c&paymentIntent=dues&source=web&originSource=agency
2025-08-19 23:13:50,980 - INFO - Processed 25/831: https://moneyview.whizdm.com/payment/init?l=2c9fa04082af061b0182b3b44ce131c8&paymentIntent=dues&source=web&originSource=agency
2025-08-19 23:13:53,059 - INFO - Get LATEST chromedriver version for google-chrome
2025-08-19 23:13:53,073 - INFO - Get LATEST chromedriver version for google-chrome
2025-08-19 23:13:53,099 - INFO - Get LATEST chromedriver version for google-chrome
2025-08-19 23:13:53,280 - INFO - Get LATEST chromedriver version for google-chrome
2025-08-19 23:13:53,329 - INFO - Get LATEST chromedriver version for google-chrome
2025-08-19 23:13:53,330 - INFO - Get LATEST chromedriver version for google-chrome
2025-08-19 23:13:53,437 - INFO - Driver [C:\Users\91902\.wdm\drivers\chromedriver\win64\139.0.7258.68\chromedriver-win32/chromedriver.exe] found in cache
2025-08-19 23:13:53,476 - INFO - Driver [C:\Users\91902\.wdm\drivers\chromedriver\win64\139.0.7258.68\chromedriver-win32/chromedriver.exe] found in cache
2025-08-19 23:13:53,493 - INFO - Driver [C:\Users\91902\.wdm\drivers\chromedriver\win64\139.0.7258.68\chromedriver-win32/chromedriver.exe] found in cache
2025-08-19 23:13:53,902 - INFO - ====== WebDriver manager ======
2025-08-19 23:13:53,902 - INFO - Processed 26/831: https://moneyview.whizdm.com/payment/init?l=ff8080819233ed800192342268bc5926&paymentIntent=dues&source=web&originSource=agency
2025-08-19 23:13:55,093 - INFO - Processing URL: https://moneyview.whizdm.com/payment/init?l=ff8080818f7562b0018f7633d0ea02dd&paymentIntent=dues&source=web&originSource=agency
2025-08-19 23:13:55,139 - INFO - Processing URL: https://moneyview.whizdm.com/payment/init?l=ff8080819265425f0192670837b23b7c&paymentIntent=dues&source=web&originSource=agency
2025-08-19 23:13:55,261 - INFO - Processing URL: https://moneyview.whizdm.com/payment/init?l=ff8080818a6db1c5018a798a98021c91&paymentIntent=dues&source=web&originSource=agency
2025-08-19 23:13:55,754 - INFO - Found due amount via CSS: 43576
2025-08-19 23:13:56,580 - INFO - Found due amount via CSS: 59761
2025-08-19 23:13:57,546 - INFO - ====== WebDriver manager ======
2025-08-19 23:13:57,546 - INFO - Processed 27/831: https://moneyview.whizdm.com/payment/init?l=ff80808191f3bf500191f5d813da313d&paymentIntent=dues&source=web&originSource=agency
2025-08-19 23:13:57,562 - INFO - ====== WebDriver manager ======
2025-08-19 23:13:57,564 - INFO - Processed 28/831: https://moneyview.whizdm.com/payment/init?l=ff80808190299eee01902a9032fb591b&paymentIntent=dues&source=web&originSource=agency
2025-08-19 23:13:57,602 - INFO - Get LATEST chromedriver version for google-chrome
2025-08-19 23:13:57,619 - INFO - Found due amount via CSS: 14104
2025-08-19 23:13:57,633 - INFO - Found due amount via CSS: 5576
2025-08-19 23:13:57,796 - INFO - ====== WebDriver manager ======
2025-08-19 23:13:57,796 - INFO - Processed 29/831: https://moneyview.whizdm.com/payment/init?l=ff8080819149965401914a997efc5c2c&paymentIntent=dues&source=web&originSource=agency
2025-08-19 23:13:57,813 - INFO - ====== WebDriver manager ======
2025-08-19 23:13:57,814 - INFO - Processed 30/831: https://moneyview.whizdm.com/payment/init?l=ff8080819122545a01912270572a4200&paymentIntent=dues&source=web&originSource=agency
2025-08-19 23:13:57,872 - INFO - Get LATEST chromedriver version for google-chrome
2025-08-19 23:13:58,191 - INFO - Driver [C:\Users\91902\.wdm\drivers\chromedriver\win64\139.0.7258.68\chromedriver-win32/chromedriver.exe] found in cache
2025-08-19 23:13:59,082 - INFO - Found due amount via CSS: 55226
2025-08-19 23:13:59,729 - INFO - Processing URL: https://moneyview.whizdm.com/payment/init?l=ff8080818f8a0393018f8a8e6ff03b7a&paymentIntent=dues&source=web&originSource=agency
2025-08-19 23:14:00,635 - INFO - Get LATEST chromedriver version for google-chrome
2025-08-19 23:14:00,636 - INFO - Get LATEST chromedriver version for google-chrome
2025-08-19 23:14:00,733 - INFO - Get LATEST chromedriver version for google-chrome
2025-08-19 23:14:00,744 - INFO - Get LATEST chromedriver version for google-chrome
2025-08-19 23:14:00,802 - INFO - Get LATEST chromedriver version for google-chrome
2025-08-19 23:14:00,815 - INFO - Get LATEST chromedriver version for google-chrome
2025-08-19 23:14:00,910 - INFO - Get LATEST chromedriver version for google-chrome
2025-08-19 23:14:00,919 - INFO - Get LATEST chromedriver version for google-chrome
2025-08-19 23:14:00,977 - INFO - Driver [C:\Users\91902\.wdm\drivers\chromedriver\win64\139.0.7258.68\chromedriver-win32/chromedriver.exe] found in cache
2025-08-19 23:14:01,000 - INFO - Driver [C:\Users\91902\.wdm\drivers\chromedriver\win64\139.0.7258.68\chromedriver-win32/chromedriver.exe] found in cache
2025-08-19 23:14:01,074 - INFO - Driver [C:\Users\91902\.wdm\drivers\chromedriver\win64\139.0.7258.68\chromedriver-win32/chromedriver.exe] found in cache
2025-08-19 23:14:01,088 - INFO - Driver [C:\Users\91902\.wdm\drivers\chromedriver\win64\139.0.7258.68\chromedriver-win32/chromedriver.exe] found in cache
2025-08-19 23:14:01,359 - INFO - Found due amount via CSS: 20824
2025-08-19 23:14:02,311 - INFO - ====== WebDriver manager ======
2025-08-19 23:14:02,312 - INFO - Processed 31/831: https://moneyview.whizdm.com/payment/init?l=2c9f916d705cd6a901705e23825c573f&paymentIntent=dues&source=web&originSource=agency
2025-08-19 23:14:02,489 - INFO - Processing URL: https://moneyview.whizdm.com/payment/init?l=ff80808190f27fb30190f437016c50d6&paymentIntent=dues&source=web&originSource=agency
2025-08-19 23:14:02,651 - INFO - Processing URL: https://moneyview.whizdm.com/payment/init?l=ff8080819014a9f10190150c5b7c38ee&paymentIntent=dues&source=web&originSource=agency
2025-08-19 23:14:02,765 - INFO - Processing URL: https://moneyview.whizdm.com/payment/init?l=ff8080818f7a97ae018f7afdd7985092&paymentIntent=dues&source=web&originSource=agency
2025-08-19 23:14:02,935 - INFO - Processing URL: https://moneyview.whizdm.com/payment/init?l=ff8080819273a2c30192742f7bcc0d71&paymentIntent=dues&source=web&originSource=agency
2025-08-19 23:14:03,211 - INFO - ====== WebDriver manager ======
2025-08-19 23:14:03,211 - INFO - Processed 32/831: https://moneyview.whizdm.com/payment/init?l=2c9fa04082912a5001829c05e0d110dc&paymentIntent=dues&source=web&originSource=agency
2025-08-19 23:14:04,548 - INFO - Found due amount via CSS: 14362
2025-08-19 23:14:05,100 - INFO - ====== WebDriver manager ======
2025-08-19 23:14:05,101 - INFO - Processed 33/831: https://moneyview.whizdm.com/payment/init?l=ff8080818f7562b0018f7633d0ea02dd&paymentIntent=dues&source=web&originSource=agency
2025-08-19 23:14:05,115 - INFO - ====== WebDriver manager ======
2025-08-19 23:14:05,115 - INFO - Processed 34/831: https://moneyview.whizdm.com/payment/init?l=ff8080819265425f0192670837b23b7c&paymentIntent=dues&source=web&originSource=agency
2025-08-19 23:14:05,208 - INFO - Get LATEST chromedriver version for google-chrome
2025-08-19 23:14:05,330 - INFO - Found due amount via CSS: 18342
2025-08-19 23:14:05,464 - INFO - Get LATEST chromedriver version for google-chrome
2025-08-19 23:14:05,516 - INFO - Get LATEST chromedriver version for google-chrome
2025-08-19 23:14:05,651 - INFO - Found due amount via CSS: 18630
2025-08-19 23:14:05,754 - INFO - Driver [C:\Users\91902\.wdm\drivers\chromedriver\win64\139.0.7258.68\chromedriver-win32/chromedriver.exe] found in cache
2025-08-19 23:14:05,796 - INFO - ====== WebDriver manager ======
2025-08-19 23:14:05,796 - INFO - Processed 35/831: https://moneyview.whizdm.com/payment/init?l=ff8080818a6db1c5018a798a98021c91&paymentIntent=dues&source=web&originSource=agency
2025-08-19 23:14:05,805 - INFO - Get LATEST chromedriver version for google-chrome
2025-08-19 23:14:05,993 - INFO - Driver [C:\Users\91902\.wdm\drivers\chromedriver\win64\139.0.7258.68\chromedriver-win32/chromedriver.exe] found in cache
2025-08-19 23:14:06,331 - INFO - Found due amount via CSS: 13428
2025-08-19 23:14:07,071 - INFO - Processing URL: https://moneyview.whizdm.com/payment/init?l=ff8080818bcbbe73018bcd98bdf5651e&paymentIntent=dues&source=web&originSource=agency
2025-08-19 23:14:07,484 - INFO - Processing URL: https://moneyview.whizdm.com/payment/init?l=ff808081889df2910188a3eeec505648&paymentIntent=dues&source=web&originSource=agency
2025-08-19 23:14:08,035 - INFO - ====== WebDriver manager ======
2025-08-19 23:14:08,040 - INFO - Processed 36/831: https://moneyview.whizdm.com/payment/init?l=ff8080818f8a0393018f8a8e6ff03b7a&paymentIntent=dues&source=web&originSource=agency
2025-08-19 23:14:08,165 - INFO - Get LATEST chromedriver version for google-chrome
2025-08-19 23:14:08,188 - INFO - Get LATEST chromedriver version for google-chrome
2025-08-19 23:14:08,336 - INFO - Get LATEST chromedriver version for google-chrome
2025-08-19 23:14:08,368 - INFO - Get LATEST chromedriver version for google-chrome
2025-08-19 23:14:08,516 - INFO - Driver [C:\Users\91902\.wdm\drivers\chromedriver\win64\139.0.7258.68\chromedriver-win32/chromedriver.exe] found in cache
2025-08-19 23:14:08,554 - INFO - Driver [C:\Users\91902\.wdm\drivers\chromedriver\win64\139.0.7258.68\chromedriver-win32/chromedriver.exe] found in cache
2025-08-19 23:14:09,050 - INFO - Found due amount via CSS: 54615
2025-08-19 23:14:09,628 - INFO - Found due amount via CSS: 29364
2025-08-19 23:14:10,081 - INFO - Processing URL: https://moneyview.whizdm.com/payment/init?l=ff80808192932da901929435ea965f18&paymentIntent=dues&source=web&originSource=agency
2025-08-19 23:14:10,082 - INFO - Processing URL: https://moneyview.whizdm.com/payment/init?l=2c9f916d72a2a5ae0172a71ff85c7a1e&paymentIntent=dues&source=web&originSource=agency
2025-08-19 23:14:11,205 - INFO - ====== WebDriver manager ======
2025-08-19 23:14:11,206 - INFO - Processed 37/831: https://moneyview.whizdm.com/payment/init?l=ff80808190f27fb30190f437016c50d6&paymentIntent=dues&source=web&originSource=agency
2025-08-19 23:14:11,344 - INFO - Get LATEST chromedriver version for google-chrome
2025-08-19 23:14:11,512 - INFO - Get LATEST chromedriver version for google-chrome
2025-08-19 23:14:11,703 - INFO - Driver [C:\Users\91902\.wdm\drivers\chromedriver\win64\139.0.7258.68\chromedriver-win32/chromedriver.exe] found in cache
2025-08-19 23:14:11,918 - INFO - ====== WebDriver manager ======
2025-08-19 23:14:11,918 - INFO - Processed 38/831: https://moneyview.whizdm.com/payment/init?l=ff8080819273a2c30192742f7bcc0d71&paymentIntent=dues&source=web&originSource=agency
2025-08-19 23:14:12,116 - INFO - Found due amount via CSS: 4048
2025-08-19 23:14:12,248 - INFO - Found due amount via CSS: 46134
2025-08-19 23:14:12,259 - INFO - ====== WebDriver manager ======
2025-08-19 23:14:12,261 - INFO - Processed 39/831: https://moneyview.whizdm.com/payment/init?l=ff8080819014a9f10190150c5b7c38ee&paymentIntent=dues&source=web&originSource=agency
2025-08-19 23:14:13,156 - INFO - Processing URL: https://moneyview.whizdm.com/payment/init?l=ff80808192221881019224ab77f311fc&paymentIntent=dues&source=web&originSource=agency
2025-08-19 23:14:13,482 - INFO - Get LATEST chromedriver version for google-chrome
2025-08-19 23:14:13,696 - INFO - Get LATEST chromedriver version for google-chrome
2025-08-19 23:14:13,884 - INFO - Driver [C:\Users\91902\.wdm\drivers\chromedriver\win64\139.0.7258.68\chromedriver-win32/chromedriver.exe] found in cache
2025-08-19 23:14:14,116 - INFO - ====== WebDriver manager ======
2025-08-19 23:14:14,117 - INFO - Processed 40/831: https://moneyview.whizdm.com/payment/init?l=ff8080818f7a97ae018f7afdd7985092&paymentIntent=dues&source=web&originSource=agency
2025-08-19 23:14:14,254 - INFO - Get LATEST chromedriver version for google-chrome
2025-08-19 23:14:14,433 - INFO - Get LATEST chromedriver version for google-chrome
2025-08-19 23:14:14,616 - INFO - Driver [C:\Users\91902\.wdm\drivers\chromedriver\win64\139.0.7258.68\chromedriver-win32/chromedriver.exe] found in cache
2025-08-19 23:14:15,189 - INFO - Found due amount via CSS: 16989
2025-08-19 23:14:15,379 - INFO - Get LATEST chromedriver version for google-chrome
2025-08-19 23:14:15,472 - INFO - Processing URL: https://moneyview.whizdm.com/payment/init?l=ff808081924adcd201924cef17fe7c44&paymentIntent=dues&source=web&originSource=agency
2025-08-19 23:14:15,549 - INFO - Get LATEST chromedriver version for google-chrome
2025-08-19 23:14:15,732 - INFO - Driver [C:\Users\91902\.wdm\drivers\chromedriver\win64\139.0.7258.68\chromedriver-win32/chromedriver.exe] found in cache
2025-08-19 23:14:15,870 - INFO - Get LATEST chromedriver version for google-chrome
2025-08-19 23:14:16,087 - INFO - Processing URL: https://moneyview.whizdm.com/payment/init?l=ff8080818eb6aba5018eb89f616e4c74&paymentIntent=dues&source=web&originSource=agency
2025-08-19 23:14:16,137 - INFO - Get LATEST chromedriver version for google-chrome
2025-08-19 23:14:16,306 - INFO - Driver [C:\Users\91902\.wdm\drivers\chromedriver\win64\139.0.7258.68\chromedriver-win32/chromedriver.exe] found in cache
2025-08-19 23:14:16,749 - INFO - ====== WebDriver manager ======
2025-08-19 23:14:16,750 - INFO - ====== WebDriver manager ======
2025-08-19 23:14:16,751 - INFO - Processed 41/831: https://moneyview.whizdm.com/payment/init?l=ff808081889df2910188a3eeec505648&paymentIntent=dues&source=web&originSource=agency
2025-08-19 23:14:16,769 - INFO - Processed 42/831: https://moneyview.whizdm.com/payment/init?l=ff8080818bcbbe73018bcd98bdf5651e&paymentIntent=dues&source=web&originSource=agency
2025-08-19 23:14:17,141 - INFO - Processing URL: https://moneyview.whizdm.com/payment/init?l=ff808081926a31c701926cf53dc00c1b&paymentIntent=dues&source=web&originSource=agency
2025-08-19 23:14:17,778 - INFO - Get LATEST chromedriver version for google-chrome
2025-08-19 23:14:17,796 - INFO - Found due amount via CSS: 12553
2025-08-19 23:14:17,904 - INFO - Processing URL: https://moneyview.whizdm.com/payment/init?l=ff8080819294b8700192968cf6f319e0&paymentIntent=dues&source=web&originSource=agency
2025-08-19 23:14:18,029 - INFO - Get LATEST chromedriver version for google-chrome
2025-08-19 23:14:18,221 - INFO - Driver [C:\Users\91902\.wdm\drivers\chromedriver\win64\139.0.7258.68\chromedriver-win32/chromedriver.exe] found in cache
2025-08-19 23:14:18,248 - INFO - Found due amount via CSS: 28890
2025-08-19 23:14:19,603 - INFO - Found due amount via CSS: 5086
2025-08-19 23:14:19,634 - INFO - Processing URL: https://moneyview.whizdm.com/payment/init?l=ff808081922775e70192286feedb71e5&paymentIntent=dues&source=web&originSource=agency
2025-08-19 23:14:19,850 - INFO - ====== WebDriver manager ======
2025-08-19 23:14:19,850 - INFO - Processed 43/831: https://moneyview.whizdm.com/payment/init?l=2c9f916d72a2a5ae0172a71ff85c7a1e&paymentIntent=dues&source=web&originSource=agency
2025-08-19 23:14:19,948 - INFO - ====== WebDriver manager ======
2025-08-19 23:14:19,951 - INFO - Processed 44/831: https://moneyview.whizdm.com/payment/init?l=ff80808192932da901929435ea965f18&paymentIntent=dues&source=web&originSource=agency
2025-08-19 23:14:20,146 - INFO - Found due amount via CSS: 20997
2025-08-19 23:14:20,310 - INFO - Get LATEST chromedriver version for google-chrome
2025-08-19 23:14:20,316 - INFO - Get LATEST chromedriver version for google-chrome
2025-08-19 23:14:20,625 - INFO - Get LATEST chromedriver version for google-chrome
2025-08-19 23:14:20,637 - INFO - Get LATEST chromedriver version for google-chrome
2025-08-19 23:14:20,790 - INFO - Driver [C:\Users\91902\.wdm\drivers\chromedriver\win64\139.0.7258.68\chromedriver-win32/chromedriver.exe] found in cache
2025-08-19 23:14:20,797 - INFO - Driver [C:\Users\91902\.wdm\drivers\chromedriver\win64\139.0.7258.68\chromedriver-win32/chromedriver.exe] found in cache
2025-08-19 23:14:21,860 - INFO - Found due amount via CSS: 4591
2025-08-19 23:14:22,181 - INFO - Processing URL: https://moneyview.whizdm.com/payment/init?l=ff8080818d0b903b018d0d50257c2a62&paymentIntent=dues&source=web&originSource=agency
2025-08-19 23:14:22,184 - INFO - Processing URL: https://moneyview.whizdm.com/payment/init?l=ff8080818f952b34018f95f135f33846&paymentIntent=dues&source=web&originSource=agency
2025-08-19 23:14:22,332 - INFO - Get LATEST chromedriver version for google-chrome
2025-08-19 23:14:22,400 - INFO - ====== WebDriver manager ======
2025-08-19 23:14:22,402 - INFO - Processed 45/831: https://moneyview.whizdm.com/payment/init?l=ff80808192221881019224ab77f311fc&paymentIntent=dues&source=web&originSource=agency
2025-08-19 23:14:22,499 - INFO - Get LATEST chromedriver version for google-chrome
2025-08-19 23:14:22,532 - INFO - Get LATEST chromedriver version for google-chrome
2025-08-19 23:14:22,714 - INFO - Driver [C:\Users\91902\.wdm\drivers\chromedriver\win64\139.0.7258.68\chromedriver-win32/chromedriver.exe] found in cache
2025-08-19 23:14:23,121 - INFO - Get LATEST chromedriver version for google-chrome
2025-08-19 23:14:23,276 - INFO - Driver [C:\Users\91902\.wdm\drivers\chromedriver\win64\139.0.7258.68\chromedriver-win32/chromedriver.exe] found in cache
2025-08-19 23:14:24,052 - INFO - Processing URL: https://moneyview.whizdm.com/payment/init?l=ff8080818fb81ec5018fb862d192688b&paymentIntent=dues&source=web&originSource=agency
2025-08-19 23:14:24,516 - INFO - Found due amount via CSS: 4901
2025-08-19 23:14:24,553 - INFO - Found due amount via CSS: 7509
2025-08-19 23:14:24,585 - INFO - ====== WebDriver manager ======
2025-08-19 23:14:24,587 - INFO - Processed 46/831: https://moneyview.whizdm.com/payment/init?l=ff808081924adcd201924cef17fe7c44&paymentIntent=dues&source=web&originSource=agency
2025-08-19 23:14:24,787 - INFO - ====== WebDriver manager ======
2025-08-19 23:14:24,787 - INFO - Processed 47/831: https://moneyview.whizdm.com/payment/init?l=ff8080818eb6aba5018eb89f616e4c74&paymentIntent=dues&source=web&originSource=agency
2025-08-19 23:14:24,896 - INFO - Processing URL: https://moneyview.whizdm.com/payment/init?l=ff8080818ee52f68018ee583605f4a0c&paymentIntent=dues&source=web&originSource=agency
2025-08-19 23:14:25,389 - INFO - Get LATEST chromedriver version for google-chrome
2025-08-19 23:14:25,657 - INFO - Get LATEST chromedriver version for google-chrome
2025-08-19 23:14:25,839 - INFO - Driver [C:\Users\91902\.wdm\drivers\chromedriver\win64\139.0.7258.68\chromedriver-win32/chromedriver.exe] found in cache
2025-08-19 23:14:26,695 - INFO - Found due amount via CSS: 8387
2025-08-19 23:14:26,750 - INFO - ====== WebDriver manager ======
2025-08-19 23:14:26,751 - INFO - Processed 48/831: https://moneyview.whizdm.com/payment/init?l=ff8080819294b8700192968cf6f319e0&paymentIntent=dues&source=web&originSource=agency
2025-08-19 23:14:27,186 - INFO - Get LATEST chromedriver version for google-chrome
2025-08-19 23:14:27,204 - INFO - Processing URL: https://moneyview.whizdm.com/payment/init?l=ff8080818ec154af018ec2769b034428&paymentIntent=dues&source=web&originSource=agency
2025-08-19 23:14:27,215 - INFO - Found due amount via CSS: 4958
2025-08-19 23:14:27,341 - INFO - Get LATEST chromedriver version for google-chrome
2025-08-19 23:14:27,363 - INFO - Get LATEST chromedriver version for google-chrome
2025-08-19 23:14:27,518 - INFO - Get LATEST chromedriver version for google-chrome
2025-08-19 23:14:27,544 - INFO - Driver [C:\Users\91902\.wdm\drivers\chromedriver\win64\139.0.7258.68\chromedriver-win32/chromedriver.exe] found in cache
2025-08-19 23:14:27,683 - INFO - Driver [C:\Users\91902\.wdm\drivers\chromedriver\win64\139.0.7258.68\chromedriver-win32/chromedriver.exe] found in cache
2025-08-19 23:14:27,701 - INFO - ====== WebDriver manager ======
2025-08-19 23:14:27,701 - INFO - Processed 49/831: https://moneyview.whizdm.com/payment/init?l=ff808081926a31c701926cf53dc00c1b&paymentIntent=dues&source=web&originSource=agency
2025-08-19 23:14:28,818 - INFO - ====== WebDriver manager ======
2025-08-19 23:14:28,828 - INFO - Processed 50/831: https://moneyview.whizdm.com/payment/init?l=ff808081922775e70192286feedb71e5&paymentIntent=dues&source=web&originSource=agency
2025-08-19 23:14:28,867 - INFO - Processing URL: https://moneyview.whizdm.com/payment/init?l=ff80808190909944019090d64ccf7fc4&paymentIntent=dues&source=web&originSource=agency
2025-08-19 23:14:29,167 - INFO - Found due amount via CSS: 7369
2025-08-19 23:14:29,237 - INFO - Processing URL: https://moneyview.whizdm.com/payment/init?l=ff8080818a69d7c6018a6b353a640862&paymentIntent=dues&source=web&originSource=agency
2025-08-19 23:14:29,543 - INFO - Get LATEST chromedriver version for google-chrome
2025-08-19 23:14:29,794 - INFO - Get LATEST chromedriver version for google-chrome
2025-08-19 23:14:30,120 - INFO - Driver [C:\Users\91902\.wdm\drivers\chromedriver\win64\139.0.7258.68\chromedriver-win32/chromedriver.exe] found in cache
2025-08-19 23:14:30,236 - INFO - Get LATEST chromedriver version for google-chrome
2025-08-19 23:14:30,402 - INFO - Get LATEST chromedriver version for google-chrome
2025-08-19 23:14:30,579 - INFO - Driver [C:\Users\91902\.wdm\drivers\chromedriver\win64\139.0.7258.68\chromedriver-win32/chromedriver.exe] found in cache
2025-08-19 23:14:30,901 - INFO - Found due amount via CSS: 8338
2025-08-19 23:14:31,492 - INFO - Get LATEST chromedriver version for google-chrome
2025-08-19 23:14:31,497 - INFO - Found due amount via CSS: 8378
2025-08-19 23:14:31,569 - INFO - ====== WebDriver manager ======
2025-08-19 23:14:31,569 - INFO - Processed 51/831: https://moneyview.whizdm.com/payment/init?l=ff8080818f952b34018f95f135f33846&paymentIntent=dues&source=web&originSource=agency
2025-08-19 23:14:31,674 - INFO - Processing URL: https://moneyview.whizdm.com/payment/init?l=ff80808188e4988a0188e4e0a3e32ab4&paymentIntent=dues&source=web&originSource=agency
2025-08-19 23:14:31,745 - INFO - ====== WebDriver manager ======
2025-08-19 23:14:31,746 - INFO - Get LATEST chromedriver version for google-chrome
2025-08-19 23:14:31,750 - INFO - Processed 52/831: https://moneyview.whizdm.com/payment/init?l=ff8080818d0b903b018d0d50257c2a62&paymentIntent=dues&source=web&originSource=agency
2025-08-19 23:14:31,918 - INFO - Driver [C:\Users\91902\.wdm\drivers\chromedriver\win64\139.0.7258.68\chromedriver-win32/chromedriver.exe] found in cache
2025-08-19 23:14:32,142 - INFO - Processing URL: https://moneyview.whizdm.com/payment/init?l=ff8080819069950001906a792af62340&paymentIntent=dues&source=web&originSource=agency
2025-08-19 23:14:33,185 - INFO - Processing URL: https://moneyview.whizdm.com/payment/init?l=ff8080819076a731019079149b6b2f1f&paymentIntent=dues&source=web&originSource=agency
2025-08-19 23:14:33,535 - INFO - Found due amount via CSS: 18279
2025-08-19 23:14:33,625 - INFO - ====== WebDriver manager ======
2025-08-19 23:14:33,625 - INFO - Processed 53/831: https://moneyview.whizdm.com/payment/init?l=ff8080818ee52f68018ee583605f4a0c&paymentIntent=dues&source=web&originSource=agency
2025-08-19 23:14:33,769 - INFO - ====== WebDriver manager ======
2025-08-19 23:14:33,769 - INFO - Processed 54/831: https://moneyview.whizdm.com/payment/init?l=ff8080818fb81ec5018fb862d192688b&paymentIntent=dues&source=web&originSource=agency
2025-08-19 23:14:34,056 - INFO - Found due amount via CSS: 21056
2025-08-19 23:14:34,303 - INFO - Get LATEST chromedriver version for google-chrome
2025-08-19 23:14:34,378 - INFO - Get LATEST chromedriver version for google-chrome
2025-08-19 23:14:34,486 - INFO - Get LATEST chromedriver version for google-chrome
2025-08-19 23:14:34,538 - INFO - Get LATEST chromedriver version for google-chrome
2025-08-19 23:14:34,648 - INFO - Driver [C:\Users\91902\.wdm\drivers\chromedriver\win64\139.0.7258.68\chromedriver-win32/chromedriver.exe] found in cache
2025-08-19 23:14:34,690 - INFO - Driver [C:\Users\91902\.wdm\drivers\chromedriver\win64\139.0.7258.68\chromedriver-win32/chromedriver.exe] found in cache
2025-08-19 23:14:35,770 - INFO - ====== WebDriver manager ======
2025-08-19 23:14:35,779 - INFO - Processed 55/831: https://moneyview.whizdm.com/payment/init?l=ff8080818ec154af018ec2769b034428&paymentIntent=dues&source=web&originSource=agency
2025-08-19 23:14:35,818 - INFO - Get LATEST chromedriver version for google-chrome
2025-08-19 23:14:35,956 - INFO - Get LATEST chromedriver version for google-chrome
2025-08-19 23:14:35,986 - INFO - Processing URL: https://moneyview.whizdm.com/payment/init?l=ff8080818fde3466018fde565c843672&paymentIntent=dues&source=web&originSource=agency
2025-08-19 23:14:36,017 - INFO - Get LATEST chromedriver version for google-chrome
2025-08-19 23:14:36,067 - INFO - Processing URL: https://moneyview.whizdm.com/payment/init?l=ff80808190973ab80190978e30cb63c9&paymentIntent=dues&source=web&originSource=agency
2025-08-19 23:14:36,130 - INFO - Get LATEST chromedriver version for google-chrome
2025-08-19 23:14:36,195 - INFO - Driver [C:\Users\91902\.wdm\drivers\chromedriver\win64\139.0.7258.68\chromedriver-win32/chromedriver.exe] found in cache
2025-08-19 23:14:36,311 - INFO - Driver [C:\Users\91902\.wdm\drivers\chromedriver\win64\139.0.7258.68\chromedriver-win32/chromedriver.exe] found in cache
2025-08-19 23:14:36,855 - INFO - Found due amount via CSS: 8066
2025-08-19 23:14:37,478 - INFO - Processing URL: https://moneyview.whizdm.com/payment/init?l=ff80808190ed1aed0190ed828b235cf2&paymentIntent=dues&source=web&originSource=agency
2025-08-19 23:14:37,648 - INFO - Processing URL: https://moneyview.whizdm.com/payment/init?l=ff80808192082adf01920a3f4da51165&paymentIntent=dues&source=web&originSource=agency
2025-08-19 23:14:38,237 - INFO - ====== WebDriver manager ======
2025-08-19 23:14:38,237 - INFO - Processed 56/831: https://moneyview.whizdm.com/payment/init?l=ff80808190909944019090d64ccf7fc4&paymentIntent=dues&source=web&originSource=agency
2025-08-19 23:14:38,578 - INFO - ====== WebDriver manager ======
2025-08-19 23:14:38,579 - INFO - Processed 57/831: https://moneyview.whizdm.com/payment/init?l=ff8080818a69d7c6018a6b353a640862&paymentIntent=dues&source=web&originSource=agency
2025-08-19 23:14:39,648 - INFO - Found due amount via CSS: 13708
2025-08-19 23:14:40,152 - INFO - Found due amount via CSS: 7018
2025-08-19 23:14:40,155 - INFO - ====== WebDriver manager ======
2025-08-19 23:14:40,155 - INFO - Processed 58/831: https://moneyview.whizdm.com/payment/init?l=ff80808188e4988a0188e4e0a3e32ab4&paymentIntent=dues&source=web&originSource=agency
2025-08-19 23:14:40,219 - INFO - Get LATEST chromedriver version for google-chrome
2025-08-19 23:14:40,506 - INFO - Get LATEST chromedriver version for google-chrome
2025-08-19 23:14:40,636 - INFO - Get LATEST chromedriver version for google-chrome
2025-08-19 23:14:40,640 - INFO - ====== WebDriver manager ======
2025-08-19 23:14:40,641 - INFO - Processed 59/831: https://moneyview.whizdm.com/payment/init?l=ff8080819069950001906a792af62340&paymentIntent=dues&source=web&originSource=agency
2025-08-19 23:14:40,760 - INFO - Driver [C:\Users\91902\.wdm\drivers\chromedriver\win64\139.0.7258.68\chromedriver-win32/chromedriver.exe] found in cache
2025-08-19 23:14:40,797 - INFO - Get LATEST chromedriver version for google-chrome
2025-08-19 23:14:40,969 - INFO - Driver [C:\Users\91902\.wdm\drivers\chromedriver\win64\139.0.7258.68\chromedriver-win32/chromedriver.exe] found in cache
2025-08-19 23:14:41,571 - INFO - Found due amount via CSS: 7643
2025-08-19 23:14:42,412 - INFO - Processing URL: https://moneyview.whizdm.com/payment/init?l=ff8080818bdb3263018bdbbdbfa4669b&paymentIntent=dues&source=web&originSource=agency
2025-08-19 23:14:42,590 - INFO - Found due amount via CSS: 8003
2025-08-19 23:14:42,641 - INFO - Processing URL: https://moneyview.whizdm.com/payment/init?l=ff8080818f61948c018f621ec0ba65f6&paymentIntent=dues&source=web&originSource=agency
2025-08-19 23:14:42,883 - INFO - Get LATEST chromedriver version for google-chrome
2025-08-19 23:14:43,045 - INFO - Get LATEST chromedriver version for google-chrome
2025-08-19 23:14:43,193 - INFO - Driver [C:\Users\91902\.wdm\drivers\chromedriver\win64\139.0.7258.68\chromedriver-win32/chromedriver.exe] found in cache
2025-08-19 23:14:43,781 - INFO - ====== WebDriver manager ======
2025-08-19 23:14:43,782 - INFO - Processed 60/831: https://moneyview.whizdm.com/payment/init?l=ff8080819076a731019079149b6b2f1f&paymentIntent=dues&source=web&originSource=agency
2025-08-19 23:14:44,365 - INFO - Processing URL: https://moneyview.whizdm.com/payment/init?l=ff8080818a62ef0c018a64f4ae3965da&paymentIntent=dues&source=web&originSource=agency
2025-08-19 23:14:45,660 - INFO - Get LATEST chromedriver version for google-chrome
2025-08-19 23:14:45,826 - INFO - Found due amount via CSS: 12559
2025-08-19 23:14:45,906 - INFO - Get LATEST chromedriver version for google-chrome
2025-08-19 23:14:46,097 - INFO - Driver [C:\Users\91902\.wdm\drivers\chromedriver\win64\139.0.7258.68\chromedriver-win32/chromedriver.exe] found in cache
2025-08-19 23:14:46,189 - INFO - ====== WebDriver manager ======
2025-08-19 23:14:46,189 - INFO - Processed 61/831: https://moneyview.whizdm.com/payment/init?l=ff8080818fde3466018fde565c843672&paymentIntent=dues&source=web&originSource=agency
2025-08-19 23:14:46,328 - INFO - Found due amount via CSS: 25142
2025-08-19 23:14:46,674 - INFO - ====== WebDriver manager ======
2025-08-19 23:14:46,675 - INFO - Processed 62/831: https://moneyview.whizdm.com/payment/init?l=ff80808190973ab80190978e30cb63c9&paymentIntent=dues&source=web&originSource=agency
2025-08-19 23:14:47,387 - INFO - Processing URL: https://moneyview.whizdm.com/payment/init?l=ff80808191171a39019118437f635baa&paymentIntent=dues&source=web&originSource=agency
2025-08-19 23:14:47,932 - INFO - Get LATEST chromedriver version for google-chrome
2025-08-19 23:14:48,110 - INFO - Get LATEST chromedriver version for google-chrome
2025-08-19 23:14:48,266 - INFO - Driver [C:\Users\91902\.wdm\drivers\chromedriver\win64\139.0.7258.68\chromedriver-win32/chromedriver.exe] found in cache
2025-08-19 23:14:48,323 - INFO - Get LATEST chromedriver version for google-chrome
2025-08-19 23:14:48,428 - INFO - Found due amount via CSS: 17611
2025-08-19 23:14:48,548 - INFO - Get LATEST chromedriver version for google-chrome
2025-08-19 23:14:48,740 - INFO - Driver [C:\Users\91902\.wdm\drivers\chromedriver\win64\139.0.7258.68\chromedriver-win32/chromedriver.exe] found in cache
2025-08-19 23:14:48,808 - INFO - Get LATEST chromedriver version for google-chrome
2025-08-19 23:14:48,969 - INFO - Get LATEST chromedriver version for google-chrome
2025-08-19 23:14:49,032 - INFO - ====== WebDriver manager ======
2025-08-19 23:14:49,032 - INFO - Processed 63/831: https://moneyview.whizdm.com/payment/init?l=ff80808190ed1aed0190ed828b235cf2&paymentIntent=dues&source=web&originSource=agency
2025-08-19 23:14:49,061 - INFO - ====== WebDriver manager ======
2025-08-19 23:14:49,062 - INFO - Processed 64/831: https://moneyview.whizdm.com/payment/init?l=ff80808192082adf01920a3f4da51165&paymentIntent=dues&source=web&originSource=agency
2025-08-19 23:14:49,135 - INFO - Driver [C:\Users\91902\.wdm\drivers\chromedriver\win64\139.0.7258.68\chromedriver-win32/chromedriver.exe] found in cache
2025-08-19 23:14:49,498 - INFO - Processing URL: https://moneyview.whizdm.com/payment/init?l=ff808081911d64c201911e0d41a425f7&paymentIntent=dues&source=web&originSource=agency
2025-08-19 23:14:49,745 - INFO - Get LATEST chromedriver version for google-chrome
2025-08-19 23:14:49,929 - INFO - Get LATEST chromedriver version for google-chrome
2025-08-19 23:14:50,051 - INFO - Processing URL: https://moneyview.whizdm.com/payment/init?l=ff80808189df024b0189ead0c32c2d13&paymentIntent=dues&source=web&originSource=agency
2025-08-19 23:14:50,110 - INFO - Driver [C:\Users\91902\.wdm\drivers\chromedriver\win64\139.0.7258.68\chromedriver-win32/chromedriver.exe] found in cache
2025-08-19 23:14:50,550 - INFO - Processing URL: https://moneyview.whizdm.com/payment/init?l=ff8080818ae3c9e5018ae5c6cd5a1146&paymentIntent=dues&source=web&originSource=agency
2025-08-19 23:14:51,148 - INFO - Found due amount via CSS: 14224
2025-08-19 23:14:51,369 - INFO - Processing URL: https://moneyview.whizdm.com/payment/init?l=2c9fa0d18303bb1301830b8ed0f12fd9&paymentIntent=dues&source=web&originSource=agency
2025-08-19 23:14:51,867 - INFO - Get LATEST chromedriver version for google-chrome
2025-08-19 23:14:51,872 - INFO - Get LATEST chromedriver version for google-chrome
2025-08-19 23:14:52,021 - INFO - Get LATEST chromedriver version for google-chrome
2025-08-19 23:14:52,034 - INFO - Get LATEST chromedriver version for google-chrome
2025-08-19 23:14:52,187 - INFO - Driver [C:\Users\91902\.wdm\drivers\chromedriver\win64\139.0.7258.68\chromedriver-win32/chromedriver.exe] found in cache
2025-08-19 23:14:52,196 - INFO - Driver [C:\Users\91902\.wdm\drivers\chromedriver\win64\139.0.7258.68\chromedriver-win32/chromedriver.exe] found in cache
2025-08-19 23:14:52,326 - INFO - ====== WebDriver manager ======
2025-08-19 23:14:52,327 - INFO - Processed 65/831: https://moneyview.whizdm.com/payment/init?l=ff8080818bdb3263018bdbbdbfa4669b&paymentIntent=dues&source=web&originSource=agency
2025-08-19 23:14:52,857 - INFO - ====== WebDriver manager ======
2025-08-19 23:14:52,858 - INFO - Processed 66/831: https://moneyview.whizdm.com/payment/init?l=ff8080818f61948c018f621ec0ba65f6&paymentIntent=dues&source=web&originSource=agency
2025-08-19 23:14:53,112 - INFO - Found due amount via CSS: 5754
2025-08-19 23:14:54,029 - INFO - Processing URL: https://moneyview.whizdm.com/payment/init?l=ff8080818aee84e8018aef0649810565&paymentIntent=dues&source=web&originSource=agency
2025-08-19 23:14:54,065 - INFO - Found due amount via CSS: 27427
2025-08-19 23:14:54,349 - INFO - Processing URL: https://moneyview.whizdm.com/payment/init?l=ff8080818852e0fc018855d265c60005&paymentIntent=dues&source=web&originSource=agency
2025-08-19 23:14:54,921 - INFO - ====== WebDriver manager ======
2025-08-19 23:14:54,922 - INFO - Processed 67/831: https://moneyview.whizdm.com/payment/init?l=ff8080818a62ef0c018a64f4ae3965da&paymentIntent=dues&source=web&originSource=agency
2025-08-19 23:14:55,091 - INFO - Found due amount via CSS: 15425
2025-08-19 23:14:55,499 - INFO - Found due amount via CSS: 24429
2025-08-19 23:14:55,731 - INFO - Get LATEST chromedriver version for google-chrome
2025-08-19 23:14:55,906 - INFO - Get LATEST chromedriver version for google-chrome
2025-08-19 23:14:56,067 - INFO - Driver [C:\Users\91902\.wdm\drivers\chromedriver\win64\139.0.7258.68\chromedriver-win32/chromedriver.exe] found in cache
2025-08-19 23:14:56,290 - INFO - Get LATEST chromedriver version for google-chrome
2025-08-19 23:14:56,610 - INFO - Get LATEST chromedriver version for google-chrome
2025-08-19 23:14:56,784 - INFO - Driver [C:\Users\91902\.wdm\drivers\chromedriver\win64\139.0.7258.68\chromedriver-win32/chromedriver.exe] found in cache
2025-08-19 23:14:57,304 - INFO - Processing URL: https://moneyview.whizdm.com/payment/init?l=ff8080818e7de6dd018e7f36be4d0001&paymentIntent=dues&source=web&originSource=agency
2025-08-19 23:14:57,702 - INFO - Found due amount via CSS: 21257
2025-08-19 23:14:57,780 - INFO - ====== WebDriver manager ======
2025-08-19 23:14:57,780 - INFO - Processed 68/831: https://moneyview.whizdm.com/payment/init?l=ff80808191171a39019118437f635baa&paymentIntent=dues&source=web&originSource=agency
2025-08-19 23:14:58,097 - INFO - Processing URL: https://moneyview.whizdm.com/payment/init?l=ff8080818c9f45de018c9fa787e45060&paymentIntent=dues&source=web&originSource=agency
2025-08-19 23:14:58,193 - INFO - Found due amount via CSS: 24220
2025-08-19 23:14:59,552 - INFO - Get LATEST chromedriver version for google-chrome
2025-08-19 23:14:59,701 - INFO - Get LATEST chromedriver version for google-chrome
2025-08-19 23:14:59,845 - INFO - Driver [C:\Users\91902\.wdm\drivers\chromedriver\win64\139.0.7258.68\chromedriver-win32/chromedriver.exe] found in cache
2025-08-19 23:15:01,033 - INFO - Processing URL: https://moneyview.whizdm.com/payment/init?l=ff8080818e26385d018e2785d39e7d11&paymentIntent=dues&source=web&originSource=agency
2025-08-19 23:15:01,080 - INFO - ====== WebDriver manager ======
2025-08-19 23:15:01,080 - INFO - Processed 69/831: https://moneyview.whizdm.com/payment/init?l=ff808081911d64c201911e0d41a425f7&paymentIntent=dues&source=web&originSource=agency
2025-08-19 23:15:01,096 - INFO - ====== WebDriver manager ======
2025-08-19 23:15:01,097 - INFO - Processed 70/831: https://moneyview.whizdm.com/payment/init?l=ff80808189df024b0189ead0c32c2d13&paymentIntent=dues&source=web&originSource=agency
2025-08-19 23:15:01,684 - INFO - Found due amount via CSS: 29738
2025-08-19 23:15:01,729 - INFO - ====== WebDriver manager ======
2025-08-19 23:15:01,730 - INFO - Processed 71/831: https://moneyview.whizdm.com/payment/init?l=ff8080818ae3c9e5018ae5c6cd5a1146&paymentIntent=dues&source=web&originSource=agency
2025-08-19 23:15:02,034 - INFO - ====== WebDriver manager ======
2025-08-19 23:15:02,034 - INFO - Processed 72/831: https://moneyview.whizdm.com/payment/init?l=2c9fa0d18303bb1301830b8ed0f12fd9&paymentIntent=dues&source=web&originSource=agency
2025-08-19 23:15:03,640 - INFO - Get LATEST chromedriver version for google-chrome
2025-08-19 23:15:03,653 - INFO - Get LATEST chromedriver version for google-chrome
2025-08-19 23:15:03,799 - INFO - Get LATEST chromedriver version for google-chrome
2025-08-19 23:15:03,822 - INFO - Get LATEST chromedriver version for google-chrome
2025-08-19 23:15:03,986 - INFO - Driver [C:\Users\91902\.wdm\drivers\chromedriver\win64\139.0.7258.68\chromedriver-win32/chromedriver.exe] found in cache
2025-08-19 23:15:03,993 - INFO - Driver [C:\Users\91902\.wdm\drivers\chromedriver\win64\139.0.7258.68\chromedriver-win32/chromedriver.exe] found in cache
2025-08-19 23:15:04,230 - INFO - Get LATEST chromedriver version for google-chrome
2025-08-19 23:15:04,354 - INFO - ====== WebDriver manager ======
2025-08-19 23:15:04,354 - INFO - Processed 73/831: https://moneyview.whizdm.com/payment/init?l=ff8080818852e0fc018855d265c60005&paymentIntent=dues&source=web&originSource=agency
2025-08-19 23:15:04,375 - INFO - Get LATEST chromedriver version for google-chrome
2025-08-19 23:15:04,483 - INFO - Get LATEST chromedriver version for google-chrome
2025-08-19 23:15:04,549 - INFO - Driver [C:\Users\91902\.wdm\drivers\chromedriver\win64\139.0.7258.68\chromedriver-win32/chromedriver.exe] found in cache
2025-08-19 23:15:04,551 - INFO - Found due amount via CSS: 27834
2025-08-19 23:15:04,831 - INFO - ====== WebDriver manager ======
2025-08-19 23:15:04,831 - INFO - Processed 74/831: https://moneyview.whizdm.com/payment/init?l=ff8080818aee84e8018aef0649810565&paymentIntent=dues&source=web&originSource=agency
2025-08-19 23:15:04,842 - INFO - Get LATEST chromedriver version for google-chrome
2025-08-19 23:15:05,032 - INFO - Driver [C:\Users\91902\.wdm\drivers\chromedriver\win64\139.0.7258.68\chromedriver-win32/chromedriver.exe] found in cache
2025-08-19 23:15:05,375 - INFO - Processing URL: https://moneyview.whizdm.com/payment/init?l=ff808081937aeb4501937c8f6e1d5929&paymentIntent=dues&source=web&originSource=agency
2025-08-19 23:15:05,485 - INFO - Processing URL: https://moneyview.whizdm.com/payment/init?l=ff80808188e71cbf0188e735e3fd0bd5&paymentIntent=dues&source=web&originSource=agency
2025-08-19 23:15:06,428 - INFO - Processing URL: https://moneyview.whizdm.com/payment/init?l=ff8080818d782f1b018d79322f3855ac&paymentIntent=dues&source=web&originSource=agency
2025-08-19 23:15:06,611 - INFO - Processing URL: https://moneyview.whizdm.com/payment/init?l=ff8080818e314b4a018e332f347721d1&paymentIntent=dues&source=web&originSource=agency
2025-08-19 23:15:07,589 - INFO - Get LATEST chromedriver version for google-chrome
2025-08-19 23:15:08,012 - INFO - Get LATEST chromedriver version for google-chrome
2025-08-19 23:15:08,013 - INFO - Get LATEST chromedriver version for google-chrome
2025-08-19 23:15:08,269 - INFO - ====== WebDriver manager ======
2025-08-19 23:15:08,269 - INFO - Processed 75/831: https://moneyview.whizdm.com/payment/init?l=ff8080818c9f45de018c9fa787e45060&paymentIntent=dues&source=web&originSource=agency
2025-08-19 23:15:08,290 - INFO - Driver [C:\Users\91902\.wdm\drivers\chromedriver\win64\139.0.7258.68\chromedriver-win32/chromedriver.exe] found in cache
2025-08-19 23:15:08,290 - INFO - Get LATEST chromedriver version for google-chrome
2025-08-19 23:15:08,524 - INFO - Driver [C:\Users\91902\.wdm\drivers\chromedriver\win64\139.0.7258.68\chromedriver-win32/chromedriver.exe] found in cache
2025-08-19 23:15:09,766 - INFO - Processing URL: https://moneyview.whizdm.com/payment/init?l=ff8080818dc9cbd4018dcb59b78b459b&paymentIntent=dues&source=web&originSource=agency
2025-08-19 23:15:09,810 - INFO - Found due amount via CSS: 50857
2025-08-19 23:15:10,103 - INFO - Found due amount via CSS: 30737
2025-08-19 23:15:10,332 - INFO - Processing URL: https://moneyview.whizdm.com/payment/init?l=ff80808191066d190191077dd9a71759&paymentIntent=dues&source=web&originSource=agency
2025-08-19 23:15:10,818 - INFO - Found due amount via CSS: 13065
2025-08-19 23:15:11,221 - INFO - Get LATEST chromedriver version for google-chrome
2025-08-19 23:15:11,431 - INFO - Get LATEST chromedriver version for google-chrome
2025-08-19 23:15:11,633 - INFO - Driver [C:\Users\91902\.wdm\drivers\chromedriver\win64\139.0.7258.68\chromedriver-win32/chromedriver.exe] found in cache
2025-08-19 23:15:12,915 - INFO - Found due amount via CSS: 16314
2025-08-19 23:15:13,002 - INFO - ====== WebDriver manager ======
2025-08-19 23:15:13,002 - INFO - Processed 76/831: https://moneyview.whizdm.com/payment/init?l=ff8080818e26385d018e2785d39e7d11&paymentIntent=dues&source=web&originSource=agency
2025-08-19 23:15:13,063 - INFO - Processing URL: https://moneyview.whizdm.com/payment/init?l=ff80808190f378fa0190f43f6d810e48&paymentIntent=dues&source=web&originSource=agency
2025-08-19 23:15:13,730 - INFO - Found due amount via CSS: 22381
2025-08-19 23:15:14,197 - INFO - Found due amount via CSS: 5171
2025-08-19 23:15:15,054 - INFO - Get LATEST chromedriver version for google-chrome
2025-08-19 23:15:15,216 - INFO - Get LATEST chromedriver version for google-chrome
2025-08-19 23:15:15,391 - INFO - Driver [C:\Users\91902\.wdm\drivers\chromedriver\win64\139.0.7258.68\chromedriver-win32/chromedriver.exe] found in cache
2025-08-19 23:15:16,481 - INFO - Found due amount via CSS: 17835
2025-08-19 23:15:16,653 - INFO - Processing URL: https://moneyview.whizdm.com/payment/init?l=ff8080818c9a86cc018c9a943b6c66a2&paymentIntent=dues&source=web&originSource=agency
2025-08-19 23:15:16,849 - INFO - ====== WebDriver manager ======
2025-08-19 23:15:16,849 - INFO - Processed 77/831: https://moneyview.whizdm.com/payment/init?l=ff80808188e71cbf0188e735e3fd0bd5&paymentIntent=dues&source=web&originSource=agency
2025-08-19 23:15:16,893 - INFO - ====== WebDriver manager ======
2025-08-19 23:15:16,894 - INFO - Processed 78/831: https://moneyview.whizdm.com/payment/init?l=ff808081937aeb4501937c8f6e1d5929&paymentIntent=dues&source=web&originSource=agency
2025-08-19 23:15:17,306 - INFO - ====== WebDriver manager ======
2025-08-19 23:15:17,306 - INFO - Processed 79/831: https://moneyview.whizdm.com/payment/init?l=ff8080818d782f1b018d79322f3855ac&paymentIntent=dues&source=web&originSource=agency
2025-08-19 23:15:18,612 - INFO - Get LATEST chromedriver version for google-chrome
2025-08-19 23:15:18,668 - INFO - Get LATEST chromedriver version for google-chrome
2025-08-19 23:15:18,762 - INFO - Get LATEST chromedriver version for google-chrome
2025-08-19 23:15:18,831 - INFO - Get LATEST chromedriver version for google-chrome
2025-08-19 23:15:18,906 - INFO - Driver [C:\Users\91902\.wdm\drivers\chromedriver\win64\139.0.7258.68\chromedriver-win32/chromedriver.exe] found in cache
2025-08-19 23:15:19,002 - INFO - Driver [C:\Users\91902\.wdm\drivers\chromedriver\win64\139.0.7258.68\chromedriver-win32/chromedriver.exe] found in cache
2025-08-19 23:15:19,155 - INFO - Get LATEST chromedriver version for google-chrome
2025-08-19 23:15:19,311 - INFO - Get LATEST chromedriver version for google-chrome
2025-08-19 23:15:19,460 - INFO - Driver [C:\Users\91902\.wdm\drivers\chromedriver\win64\139.0.7258.68\chromedriver-win32/chromedriver.exe] found in cache
2025-08-19 23:15:19,551 - INFO - ====== WebDriver manager ======
2025-08-19 23:15:19,552 - INFO - Processed 80/831: https://moneyview.whizdm.com/payment/init?l=ff8080818e314b4a018e332f347721d1&paymentIntent=dues&source=web&originSource=agency
2025-08-19 23:15:20,230 - INFO - Found due amount via CSS: 28884
2025-08-19 23:15:20,235 - INFO - ====== WebDriver manager ======
2025-08-19 23:15:20,239 - INFO - Processed 81/831: https://moneyview.whizdm.com/payment/init?l=ff8080818dc9cbd4018dcb59b78b459b&paymentIntent=dues&source=web&originSource=agency
2025-08-19 23:15:20,351 - INFO - Processing URL: https://moneyview.whizdm.com/payment/init?l=ff8080818c70f91a018c71a18eb53a28&paymentIntent=dues&source=web&originSource=agency
2025-08-19 23:15:20,686 - INFO - ====== WebDriver manager ======
2025-08-19 23:15:20,687 - INFO - Processed 82/831: https://moneyview.whizdm.com/payment/init?l=ff80808191066d190191077dd9a71759&paymentIntent=dues&source=web&originSource=agency
2025-08-19 23:15:20,732 - INFO - Processing URL: https://moneyview.whizdm.com/payment/init?l=ff8080818bb3a90e018bb8967b0e642c&paymentIntent=dues&source=web&originSource=agency
2025-08-19 23:15:21,088 - INFO - Processing URL: https://moneyview.whizdm.com/payment/init?l=ff8080818c18fde1018c1b0acd1c5913&paymentIntent=dues&source=web&originSource=agency
2025-08-19 23:15:22,497 - INFO - Get LATEST chromedriver version for google-chrome
2025-08-19 23:15:22,677 - INFO - Get LATEST chromedriver version for google-chrome
2025-08-19 23:15:22,747 - INFO - Get LATEST chromedriver version for google-chrome
2025-08-19 23:15:22,814 - INFO - Get LATEST chromedriver version for google-chrome
2025-08-19 23:15:22,875 - INFO - Get LATEST chromedriver version for google-chrome
2025-08-19 23:15:22,907 - INFO - Driver [C:\Users\91902\.wdm\drivers\chromedriver\win64\139.0.7258.68\chromedriver-win32/chromedriver.exe] found in cache
2025-08-19 23:15:23,000 - INFO - ====== WebDriver manager ======
2025-08-19 23:15:23,000 - INFO - Processed 83/831: https://moneyview.whizdm.com/payment/init?l=ff80808190f378fa0190f43f6d810e48&paymentIntent=dues&source=web&originSource=agency
2025-08-19 23:15:23,082 - INFO - Get LATEST chromedriver version for google-chrome
2025-08-19 23:15:23,129 - INFO - Driver [C:\Users\91902\.wdm\drivers\chromedriver\win64\139.0.7258.68\chromedriver-win32/chromedriver.exe] found in cache
2025-08-19 23:15:23,248 - INFO - Driver [C:\Users\91902\.wdm\drivers\chromedriver\win64\139.0.7258.68\chromedriver-win32/chromedriver.exe] found in cache
2025-08-19 23:15:24,017 - INFO - Found due amount via CSS: 43834
2025-08-19 23:15:24,426 - INFO - Processing URL: https://moneyview.whizdm.com/payment/init?l=ff8080818b5b7f74018b60af16bc4873&paymentIntent=dues&source=web&originSource=agency
2025-08-19 23:15:25,005 - INFO - Found due amount via CSS: 8622
2025-08-19 23:15:25,235 - INFO - Processing URL: https://moneyview.whizdm.com/payment/init?l=ff8080818a3aa6e8018a3b729f5765ff&paymentIntent=dues&source=web&originSource=agency
2025-08-19 23:15:25,350 - INFO - Processing URL: https://moneyview.whizdm.com/payment/init?l=ff8080818d784313018d7a2e92e3681d&paymentIntent=dues&source=web&originSource=agency
2025-08-19 23:15:25,382 - INFO - Found due amount via CSS: 26402
2025-08-19 23:15:27,607 - INFO - ====== WebDriver manager ======
2025-08-19 23:15:27,607 - INFO - Processed 84/831: https://moneyview.whizdm.com/payment/init?l=ff8080818c9a86cc018c9a943b6c66a2&paymentIntent=dues&source=web&originSource=agency
2025-08-19 23:15:27,906 - INFO - Found due amount via CSS: 8345
2025-08-19 23:15:28,660 - INFO - Found due amount via CSS: 4269
2025-08-19 23:15:29,300 - INFO - Found due amount via CSS: 10585
2025-08-19 23:15:29,701 - INFO - Get LATEST chromedriver version for google-chrome
2025-08-19 23:15:29,850 - INFO - Get LATEST chromedriver version for google-chrome
2025-08-19 23:15:30,011 - INFO - Driver [C:\Users\91902\.wdm\drivers\chromedriver\win64\139.0.7258.68\chromedriver-win32/chromedriver.exe] found in cache
2025-08-19 23:15:31,165 - INFO - Processing URL: https://moneyview.whizdm.com/payment/init?l=ff8080819203a04a019206fc8d0c3d45&paymentIntent=dues&source=web&originSource=agency
2025-08-19 23:15:31,940 - INFO - ====== WebDriver manager ======
2025-08-19 23:15:31,941 - INFO - Processed 85/831: https://moneyview.whizdm.com/payment/init?l=ff8080818bb3a90e018bb8967b0e642c&paymentIntent=dues&source=web&originSource=agency
2025-08-19 23:15:32,047 - INFO - ====== WebDriver manager ======
2025-08-19 23:15:32,048 - INFO - Processed 86/831: https://moneyview.whizdm.com/payment/init?l=ff8080818c70f91a018c71a18eb53a28&paymentIntent=dues&source=web&originSource=agency
2025-08-19 23:15:32,140 - INFO - ====== WebDriver manager ======
2025-08-19 23:15:32,140 - INFO - Processed 87/831: https://moneyview.whizdm.com/payment/init?l=ff8080818c18fde1018c1b0acd1c5913&paymentIntent=dues&source=web&originSource=agency
2025-08-19 23:15:33,672 - INFO - Get LATEST chromedriver version for google-chrome
2025-08-19 23:15:33,785 - INFO - Get LATEST chromedriver version for google-chrome
2025-08-19 23:15:33,824 - INFO - Get LATEST chromedriver version for google-chrome
2025-08-19 23:15:33,903 - INFO - Get LATEST chromedriver version for google-chrome
2025-08-19 23:15:33,953 - INFO - Get LATEST chromedriver version for google-chrome
2025-08-19 23:15:33,975 - INFO - Driver [C:\Users\91902\.wdm\drivers\chromedriver\win64\139.0.7258.68\chromedriver-win32/chromedriver.exe] found in cache
2025-08-19 23:15:34,064 - INFO - Get LATEST chromedriver version for google-chrome
2025-08-19 23:15:34,123 - INFO - Driver [C:\Users\91902\.wdm\drivers\chromedriver\win64\139.0.7258.68\chromedriver-win32/chromedriver.exe] found in cache
2025-08-19 23:15:34,217 - INFO - Driver [C:\Users\91902\.wdm\drivers\chromedriver\win64\139.0.7258.68\chromedriver-win32/chromedriver.exe] found in cache
2025-08-19 23:15:34,468 - INFO - ====== WebDriver manager ======
2025-08-19 23:15:34,468 - INFO - Processed 88/831: https://moneyview.whizdm.com/payment/init?l=ff8080818b5b7f74018b60af16bc4873&paymentIntent=dues&source=web&originSource=agency
2025-08-19 23:15:34,627 - INFO - Found due amount via CSS: 11432
2025-08-19 23:15:35,181 - INFO - ====== WebDriver manager ======
2025-08-19 23:15:35,196 - INFO - Processed 89/831: https://moneyview.whizdm.com/payment/init?l=ff8080818a3aa6e8018a3b729f5765ff&paymentIntent=dues&source=web&originSource=agency
2025-08-19 23:15:35,386 - INFO - Processing URL: https://moneyview.whizdm.com/payment/init?l=ff8080818e6938d6018e6974e99028b6&paymentIntent=dues&source=web&originSource=agency
2025-08-19 23:15:35,733 - INFO - Processing URL: https://moneyview.whizdm.com/payment/init?l=ff8080819000c56201900103399b1c57&paymentIntent=dues&source=web&originSource=agency
2025-08-19 23:15:35,824 - INFO - ====== WebDriver manager ======
2025-08-19 23:15:35,824 - INFO - Processed 90/831: https://moneyview.whizdm.com/payment/init?l=ff8080818d784313018d7a2e92e3681d&paymentIntent=dues&source=web&originSource=agency
2025-08-19 23:15:35,932 - INFO - Processing URL: https://moneyview.whizdm.com/payment/init?l=2c9fa8df83ee55b90183ef6d0022621a&paymentIntent=dues&source=web&originSource=agency
2025-08-19 23:15:37,117 - INFO - Get LATEST chromedriver version for google-chrome
2025-08-19 23:15:37,281 - INFO - Get LATEST chromedriver version for google-chrome
2025-08-19 23:15:37,348 - INFO - Get LATEST chromedriver version for google-chrome
2025-08-19 23:15:37,442 - INFO - Driver [C:\Users\91902\.wdm\drivers\chromedriver\win64\139.0.7258.68\chromedriver-win32/chromedriver.exe] found in cache
2025-08-19 23:15:37,503 - INFO - Get LATEST chromedriver version for google-chrome
2025-08-19 23:15:37,655 - INFO - Driver [C:\Users\91902\.wdm\drivers\chromedriver\win64\139.0.7258.68\chromedriver-win32/chromedriver.exe] found in cache
2025-08-19 23:15:37,782 - INFO - Get LATEST chromedriver version for google-chrome
2025-08-19 23:15:37,875 - INFO - Get LATEST chromedriver version for google-chrome
2025-08-19 23:15:37,995 - INFO - Get LATEST chromedriver version for google-chrome
2025-08-19 23:15:38,060 - INFO - Get LATEST chromedriver version for google-chrome
2025-08-19 23:15:38,467 - INFO - Driver [C:\Users\91902\.wdm\drivers\chromedriver\win64\139.0.7258.68\chromedriver-win32/chromedriver.exe] found in cache
2025-08-19 23:15:38,758 - INFO - Driver [C:\Users\91902\.wdm\drivers\chromedriver\win64\139.0.7258.68\chromedriver-win32/chromedriver.exe] found in cache
2025-08-19 23:15:38,872 - INFO - Processing URL: https://moneyview.whizdm.com/payment/init?l=ff8080818fc8eae0018fc9ee45bf41af&paymentIntent=dues&source=web&originSource=agency
2025-08-19 23:15:39,256 - INFO - Processing URL: https://moneyview.whizdm.com/payment/init?l=ff8080819090a91e019091dbe1e50ff3&paymentIntent=dues&source=web&originSource=agency
2025-08-19 23:15:39,487 - INFO - Found due amount via CSS: 9512
2025-08-19 23:15:40,011 - INFO - Found due amount via CSS: 5476
2025-08-19 23:15:40,207 - INFO - Processing URL: https://moneyview.whizdm.com/payment/init?l=ff80808193fc56cd0193fd815a731eba&paymentIntent=dues&source=web&originSource=agency
2025-08-19 23:15:40,424 - INFO - Processing URL: https://moneyview.whizdm.com/payment/init?l=ff8080818985ac0f0189864aa42e2f09&paymentIntent=dues&source=web&originSource=agency
2025-08-19 23:15:41,112 - INFO - Found due amount via CSS: 29265
2025-08-19 23:15:42,311 - INFO - Found due amount via CSS: 10941
2025-08-19 23:15:42,495 - INFO - ====== WebDriver manager ======
2025-08-19 23:15:42,495 - INFO - Processed 91/831: https://moneyview.whizdm.com/payment/init?l=ff8080819203a04a019206fc8d0c3d45&paymentIntent=dues&source=web&originSource=agency
2025-08-19 23:15:43,626 - INFO - Found due amount via CSS: 8338
2025-08-19 23:15:44,123 - INFO - Found due amount via CSS: 7631
2025-08-19 23:15:44,405 - INFO - Found due amount via CSS: 5349
2025-08-19 23:15:44,587 - INFO - Get LATEST chromedriver version for google-chrome
2025-08-19 23:15:44,790 - INFO - Get LATEST chromedriver version for google-chrome
2025-08-19 23:15:44,957 - INFO - Driver [C:\Users\91902\.wdm\drivers\chromedriver\win64\139.0.7258.68\chromedriver-win32/chromedriver.exe] found in cache
2025-08-19 23:15:46,103 - INFO - Processing URL: https://moneyview.whizdm.com/payment/init?l=ff8080818abacea9018abc585091762c&paymentIntent=dues&source=web&originSource=agency
2025-08-19 23:15:46,764 - INFO - ====== WebDriver manager ======
2025-08-19 23:15:46,764 - INFO - ====== WebDriver manager ======
2025-08-19 23:15:46,765 - INFO - Processed 92/831: https://moneyview.whizdm.com/payment/init?l=ff8080819000c56201900103399b1c57&paymentIntent=dues&source=web&originSource=agency
2025-08-19 23:15:46,766 - INFO - Processed 93/831: https://moneyview.whizdm.com/payment/init?l=ff8080818e6938d6018e6974e99028b6&paymentIntent=dues&source=web&originSource=agency
2025-08-19 23:15:47,587 - INFO - ====== WebDriver manager ======
2025-08-19 23:15:47,587 - INFO - Processed 94/831: https://moneyview.whizdm.com/payment/init?l=2c9fa8df83ee55b90183ef6d0022621a&paymentIntent=dues&source=web&originSource=agency
2025-08-19 23:15:48,477 - INFO - Get LATEST chromedriver version for google-chrome
2025-08-19 23:15:48,496 - INFO - Get LATEST chromedriver version for google-chrome
2025-08-19 23:15:48,652 - INFO - Get LATEST chromedriver version for google-chrome
2025-08-19 23:15:48,710 - INFO - Get LATEST chromedriver version for google-chrome
2025-08-19 23:15:48,807 - INFO - Driver [C:\Users\91902\.wdm\drivers\chromedriver\win64\139.0.7258.68\chromedriver-win32/chromedriver.exe] found in cache
2025-08-19 23:15:48,850 - INFO - ====== WebDriver manager ======
2025-08-19 23:15:48,851 - INFO - Processed 95/831: https://moneyview.whizdm.com/payment/init?l=ff8080818fc8eae0018fc9ee45bf41af&paymentIntent=dues&source=web&originSource=agency
2025-08-19 23:15:48,864 - INFO - Driver [C:\Users\91902\.wdm\drivers\chromedriver\win64\139.0.7258.68\chromedriver-win32/chromedriver.exe] found in cache
2025-08-19 23:15:49,434 - INFO - Get LATEST chromedriver version for google-chrome
2025-08-19 23:15:49,565 - INFO - Found due amount via CSS: 38765
2025-08-19 23:15:49,841 - INFO - Get LATEST chromedriver version for google-chrome
2025-08-19 23:15:50,017 - INFO - Driver [C:\Users\91902\.wdm\drivers\chromedriver\win64\139.0.7258.68\chromedriver-win32/chromedriver.exe] found in cache
2025-08-19 23:15:50,162 - INFO - Processing URL: https://moneyview.whizdm.com/payment/init?l=ff8080819212dc6c019213e8d46564d4&paymentIntent=dues&source=web&originSource=agency
2025-08-19 23:15:50,188 - INFO - ====== WebDriver manager ======
2025-08-19 23:15:50,189 - INFO - Processed 96/831: https://moneyview.whizdm.com/payment/init?l=ff8080819090a91e019091dbe1e50ff3&paymentIntent=dues&source=web&originSource=agency
2025-08-19 23:15:50,310 - INFO - Processing URL: https://moneyview.whizdm.com/payment/init?l=ff8080818c4d3028018c4d875d57462e&paymentIntent=dues&source=web&originSource=agency
2025-08-19 23:15:50,821 - INFO - ====== WebDriver manager ======
2025-08-19 23:15:50,821 - INFO - Processed 97/831: https://moneyview.whizdm.com/payment/init?l=ff80808193fc56cd0193fd815a731eba&paymentIntent=dues&source=web&originSource=agency
2025-08-19 23:15:50,899 - INFO - ====== WebDriver manager ======
2025-08-19 23:15:50,905 - INFO - Processed 98/831: https://moneyview.whizdm.com/payment/init?l=ff8080818985ac0f0189864aa42e2f09&paymentIntent=dues&source=web&originSource=agency
2025-08-19 23:15:51,299 - INFO - Processing URL: https://moneyview.whizdm.com/payment/init?l=ff808081912bace201912e2d2b657419&paymentIntent=dues&source=web&originSource=agency
2025-08-19 23:15:51,467 - INFO - Get LATEST chromedriver version for google-chrome
2025-08-19 23:15:51,643 - INFO - Get LATEST chromedriver version for google-chrome
2025-08-19 23:15:51,811 - INFO - Driver [C:\Users\91902\.wdm\drivers\chromedriver\win64\139.0.7258.68\chromedriver-win32/chromedriver.exe] found in cache
2025-08-19 23:15:52,378 - INFO - Get LATEST chromedriver version for google-chrome
2025-08-19 23:15:52,639 - INFO - Get LATEST chromedriver version for google-chrome
2025-08-19 23:15:53,155 - INFO - Processing URL: https://moneyview.whizdm.com/payment/init?l=ff8080818c56f0d4018c57919d304e2a&paymentIntent=dues&source=web&originSource=agency
2025-08-19 23:15:53,196 - INFO - Get LATEST chromedriver version for google-chrome
2025-08-19 23:15:53,279 - INFO - Get LATEST chromedriver version for google-chrome
2025-08-19 23:15:53,293 - INFO - Driver [C:\Users\91902\.wdm\drivers\chromedriver\win64\139.0.7258.68\chromedriver-win32/chromedriver.exe] found in cache
2025-08-19 23:15:53,367 - INFO - Get LATEST chromedriver version for google-chrome
2025-08-19 23:15:53,456 - INFO - Get LATEST chromedriver version for google-chrome
2025-08-19 23:15:53,547 - INFO - Driver [C:\Users\91902\.wdm\drivers\chromedriver\win64\139.0.7258.68\chromedriver-win32/chromedriver.exe] found in cache
2025-08-19 23:15:53,637 - INFO - Driver [C:\Users\91902\.wdm\drivers\chromedriver\win64\139.0.7258.68\chromedriver-win32/chromedriver.exe] found in cache
2025-08-19 23:15:54,061 - INFO - Found due amount via CSS: 9201
2025-08-19 23:15:54,889 - INFO - Processing URL: https://moneyview.whizdm.com/payment/init?l=ff808081915eb8060191607f74ef12e8&paymentIntent=dues&source=web&originSource=agency
2025-08-19 23:15:55,324 - INFO - Found due amount via CSS: 40511
2025-08-19 23:15:55,698 - INFO - Processing URL: https://moneyview.whizdm.com/payment/init?l=ff80808191abad710191ade6ddef1e0c&paymentIntent=dues&source=web&originSource=agency
2025-08-19 23:15:55,699 - INFO - Processing URL: https://moneyview.whizdm.com/payment/init?l=ff8080818f6fe457018f7113b9a939ea&paymentIntent=dues&source=web&originSource=agency
2025-08-19 23:15:55,948 - INFO - Found due amount via CSS: 19615
2025-08-19 23:15:56,768 - INFO - ====== WebDriver manager ======
2025-08-19 23:15:56,768 - INFO - Processed 99/831: https://moneyview.whizdm.com/payment/init?l=ff8080818abacea9018abc585091762c&paymentIntent=dues&source=web&originSource=agency
2025-08-19 23:15:57,673 - INFO - Found due amount via CSS: 48307
2025-08-19 23:15:58,691 - INFO - Get LATEST chromedriver version for google-chrome
2025-08-19 23:15:58,894 - INFO - Found due amount via CSS: 22636
2025-08-19 23:15:59,103 - INFO - Get LATEST chromedriver version for google-chrome
2025-08-19 23:15:59,263 - INFO - Driver [C:\Users\91902\.wdm\drivers\chromedriver\win64\139.0.7258.68\chromedriver-win32/chromedriver.exe] found in cache
2025-08-19 23:15:59,560 - INFO - Found due amount via CSS: 9901
2025-08-19 23:16:00,462 - INFO - Processing URL: https://moneyview.whizdm.com/payment/init?l=ff8080818f763eef018f77111df33630&paymentIntent=dues&source=web&originSource=agency
2025-08-19 23:16:01,436 - INFO - Found due amount via CSS: 8151
2025-08-19 23:16:02,477 - INFO - ====== WebDriver manager ======
2025-08-19 23:16:02,478 - INFO - Processed 100/831: https://moneyview.whizdm.com/payment/init?l=ff808081912bace201912e2d2b657419&paymentIntent=dues&source=web&originSource=agency
2025-08-19 23:16:02,493 - INFO - ====== WebDriver manager ======
2025-08-19 23:16:02,493 - INFO - Processed 101/831: https://moneyview.whizdm.com/payment/init?l=ff8080819212dc6c019213e8d46564d4&paymentIntent=dues&source=web&originSource=agency
2025-08-19 23:16:02,539 - INFO - ====== WebDriver manager ======
2025-08-19 23:16:02,539 - INFO - Processed 102/831: https://moneyview.whizdm.com/payment/init?l=ff8080818c4d3028018c4d875d57462e&paymentIntent=dues&source=web&originSource=agency
